2020-04-14 09:12:23.645 [,] [main] INFO  c.g.DemoGatewayApplicationTests - [logStartupProfileInfo,655] - The following profiles are active: app,db
2020-04-14 09:12:24.560 [,] [main] INFO  o.h.j.i.u.LogHelper - [logPersistenceUnitInformation,31] - HHH000204: Processing PersistenceUnitInfo [name: default]
2020-04-14 09:12:24.618 [,] [main] INFO  o.hibernate.Version - [logVersion,44] - HHH000412: Hibernate ORM core version 5.4.12.Final
2020-04-14 09:12:24.723 [,] [main] INFO  o.h.a.common.Version - [<clinit>,49] - HCANN000001: Hibernate Commons Annotations {5.1.0.Final}
2020-04-14 09:12:24.941 [,] [main] INFO  c.z.h.HikariDataSource - [getConnection,110] - HikariPool-1 - Starting...
2020-04-14 09:12:27.952 [,] [main] INFO  c.z.h.HikariDataSource - [getConnection,123] - HikariPool-1 - Start completed.
2020-04-14 09:12:27.987 [,] [main] INFO  o.h.dialect.Dialect - [<init>,172] - HHH000400: Using dialect: org.hibernate.dialect.MySQL57Dialect
2020-04-14 09:12:29.793 [,] [main] INFO  o.h.e.t.j.p.i.JtaPlatformInitiator - [initiateService,52] - HHH000490: Using JtaPlatform implementation: [org.hibernate.engine.transaction.jta.platform.internal.NoJtaPlatform]
2020-04-14 09:12:30.489 [,] [main] INFO  c.n.c.s.URLConfigurationSource - [<init>,122] - To enable URLs as dynamic configuration sources, define System property archaius.configurationSource.additionalUrls or make config.properties available on classpath.
2020-04-14 09:12:30.495 [,] [main] INFO  c.n.c.s.URLConfigurationSource - [<init>,122] - To enable URLs as dynamic configuration sources, define System property archaius.configurationSource.additionalUrls or make config.properties available on classpath.
2020-04-14 09:12:35.109 [,] [main] INFO  c.g.DemoGatewayApplicationTests - [logStarted,61] - Started DemoGatewayApplicationTests in 14.3 seconds (JVM running for 15.161)
2020-04-14 09:12:35.392 [,] [SpringContextShutdownHook] INFO  c.z.h.HikariDataSource - [close,350] - HikariPool-1 - Shutdown initiated...
2020-04-14 09:12:39.595 [,] [SpringContextShutdownHook] INFO  c.z.h.HikariDataSource - [close,352] - HikariPool-1 - Shutdown completed.
2020-04-14 09:15:43.232 [,] [main] INFO  c.g.DemoGatewayApplicationTests - [logStartupProfileInfo,655] - The following profiles are active: app,db
2020-04-14 09:15:44.113 [,] [main] INFO  o.h.j.i.u.LogHelper - [logPersistenceUnitInformation,31] - HHH000204: Processing PersistenceUnitInfo [name: default]
2020-04-14 09:15:44.173 [,] [main] INFO  o.hibernate.Version - [logVersion,44] - HHH000412: Hibernate ORM core version 5.4.12.Final
2020-04-14 09:15:44.282 [,] [main] INFO  o.h.a.common.Version - [<clinit>,49] - HCANN000001: Hibernate Commons Annotations {5.1.0.Final}
2020-04-14 09:15:44.493 [,] [main] INFO  c.z.h.HikariDataSource - [getConnection,110] - HikariPool-1 - Starting...
2020-04-14 09:15:45.485 [,] [main] INFO  c.z.h.HikariDataSource - [getConnection,123] - HikariPool-1 - Start completed.
2020-04-14 09:15:45.505 [,] [main] INFO  o.h.dialect.Dialect - [<init>,172] - HHH000400: Using dialect: org.hibernate.dialect.MySQL57Dialect
2020-04-14 09:15:47.275 [,] [main] INFO  o.h.e.t.j.p.i.JtaPlatformInitiator - [initiateService,52] - HHH000490: Using JtaPlatform implementation: [org.hibernate.engine.transaction.jta.platform.internal.NoJtaPlatform]
2020-04-14 09:15:47.910 [,] [main] INFO  c.n.c.s.URLConfigurationSource - [<init>,122] - To enable URLs as dynamic configuration sources, define System property archaius.configurationSource.additionalUrls or make config.properties available on classpath.
2020-04-14 09:15:47.914 [,] [main] INFO  c.n.c.s.URLConfigurationSource - [<init>,122] - To enable URLs as dynamic configuration sources, define System property archaius.configurationSource.additionalUrls or make config.properties available on classpath.
2020-04-14 09:15:52.479 [,] [main] INFO  c.g.DemoGatewayApplicationTests - [logStarted,61] - Started DemoGatewayApplicationTests in 12.098 seconds (JVM running for 12.867)
2020-04-14 09:15:52.785 [,] [SpringContextShutdownHook] INFO  c.z.h.HikariDataSource - [close,350] - HikariPool-1 - Shutdown initiated...
2020-04-14 09:15:55.421 [,] [SpringContextShutdownHook] INFO  c.z.h.HikariDataSource - [close,352] - HikariPool-1 - Shutdown completed.
2020-04-14 09:16:10.112 [,] [main] INFO  c.g.DemoGatewayApplicationTests - [logStartupProfileInfo,655] - The following profiles are active: app,db
2020-04-14 09:16:11.114 [,] [main] INFO  o.h.j.i.u.LogHelper - [logPersistenceUnitInformation,31] - HHH000204: Processing PersistenceUnitInfo [name: default]
2020-04-14 09:16:11.183 [,] [main] INFO  o.hibernate.Version - [logVersion,44] - HHH000412: Hibernate ORM core version 5.4.12.Final
2020-04-14 09:16:11.295 [,] [main] INFO  o.h.a.common.Version - [<clinit>,49] - HCANN000001: Hibernate Commons Annotations {5.1.0.Final}
2020-04-14 09:16:11.532 [,] [main] INFO  c.z.h.HikariDataSource - [getConnection,110] - HikariPool-1 - Starting...
2020-04-14 09:16:12.371 [,] [main] INFO  c.z.h.HikariDataSource - [getConnection,123] - HikariPool-1 - Start completed.
2020-04-14 09:16:12.393 [,] [main] INFO  o.h.dialect.Dialect - [<init>,172] - HHH000400: Using dialect: org.hibernate.dialect.MySQL57Dialect
2020-04-14 09:16:13.977 [,] [main] INFO  o.h.e.t.j.p.i.JtaPlatformInitiator - [initiateService,52] - HHH000490: Using JtaPlatform implementation: [org.hibernate.engine.transaction.jta.platform.internal.NoJtaPlatform]
2020-04-14 09:16:14.777 [,] [main] INFO  c.n.c.s.URLConfigurationSource - [<init>,122] - To enable URLs as dynamic configuration sources, define System property archaius.configurationSource.additionalUrls or make config.properties available on classpath.
2020-04-14 09:16:14.783 [,] [main] INFO  c.n.c.s.URLConfigurationSource - [<init>,122] - To enable URLs as dynamic configuration sources, define System property archaius.configurationSource.additionalUrls or make config.properties available on classpath.
2020-04-14 09:16:19.619 [,] [main] INFO  c.g.DemoGatewayApplicationTests - [logStarted,61] - Started DemoGatewayApplicationTests in 12.391 seconds (JVM running for 13.335)
2020-04-14 09:26:33.181 [,] [main] INFO  c.g.DemoGatewayApplicationTests - [logStartupProfileInfo,655] - The following profiles are active: app,db
2020-04-14 09:26:34.076 [,] [main] INFO  o.h.j.i.u.LogHelper - [logPersistenceUnitInformation,31] - HHH000204: Processing PersistenceUnitInfo [name: default]
2020-04-14 09:26:34.137 [,] [main] INFO  o.hibernate.Version - [logVersion,44] - HHH000412: Hibernate ORM core version 5.4.12.Final
2020-04-14 09:26:34.244 [,] [main] INFO  o.h.a.common.Version - [<clinit>,49] - HCANN000001: Hibernate Commons Annotations {5.1.0.Final}
2020-04-14 09:26:34.460 [,] [main] INFO  c.z.h.HikariDataSource - [getConnection,110] - HikariPool-1 - Starting...
2020-04-14 09:26:42.269 [,] [main] INFO  c.g.DemoGatewayApplicationTests - [logStartupProfileInfo,655] - The following profiles are active: app,db
2020-04-14 09:26:42.523 [,] [main] INFO  o.h.j.i.u.LogHelper - [logPersistenceUnitInformation,31] - HHH000204: Processing PersistenceUnitInfo [name: default]
2020-04-14 09:26:42.528 [,] [main] INFO  c.z.h.HikariDataSource - [getConnection,110] - HikariPool-2 - Starting...
2020-04-14 09:27:15.346 [,] [main] INFO  c.g.DemoGatewayApplicationTests - [logStartupProfileInfo,655] - The following profiles are active: app,db
2020-04-14 09:27:16.249 [,] [main] INFO  o.h.j.i.u.LogHelper - [logPersistenceUnitInformation,31] - HHH000204: Processing PersistenceUnitInfo [name: default]
2020-04-14 09:27:16.310 [,] [main] INFO  o.hibernate.Version - [logVersion,44] - HHH000412: Hibernate ORM core version 5.4.12.Final
2020-04-14 09:27:16.411 [,] [main] INFO  o.h.a.common.Version - [<clinit>,49] - HCANN000001: Hibernate Commons Annotations {5.1.0.Final}
2020-04-14 09:27:16.624 [,] [main] INFO  c.z.h.HikariDataSource - [getConnection,110] - HikariPool-1 - Starting...
2020-04-14 09:27:17.566 [,] [main] INFO  c.z.h.HikariDataSource - [getConnection,123] - HikariPool-1 - Start completed.
2020-04-14 09:27:17.587 [,] [main] INFO  o.h.dialect.Dialect - [<init>,172] - HHH000400: Using dialect: org.hibernate.dialect.MySQL57Dialect
2020-04-14 09:27:19.465 [,] [main] INFO  o.h.e.t.j.p.i.JtaPlatformInitiator - [initiateService,52] - HHH000490: Using JtaPlatform implementation: [org.hibernate.engine.transaction.jta.platform.internal.NoJtaPlatform]
2020-04-14 09:27:19.815 [,] [main] INFO  c.z.h.HikariDataSource - [close,350] - HikariPool-1 - Shutdown initiated...
2020-04-14 09:27:20.220 [,] [main] INFO  c.z.h.HikariDataSource - [close,352] - HikariPool-1 - Shutdown completed.
2020-04-14 09:27:22.706 [,] [main] INFO  c.g.DemoGatewayApplicationTests - [logStartupProfileInfo,655] - The following profiles are active: app,db
2020-04-14 09:27:22.960 [,] [main] INFO  o.h.j.i.u.LogHelper - [logPersistenceUnitInformation,31] - HHH000204: Processing PersistenceUnitInfo [name: default]
2020-04-14 09:27:22.964 [,] [main] INFO  c.z.h.HikariDataSource - [getConnection,110] - HikariPool-2 - Starting...
2020-04-14 09:30:04.427 [,] [main] INFO  c.g.DemoGatewayApplicationTests - [logStartupProfileInfo,655] - The following profiles are active: app,db
2020-04-14 09:30:05.422 [,] [main] INFO  o.h.j.i.u.LogHelper - [logPersistenceUnitInformation,31] - HHH000204: Processing PersistenceUnitInfo [name: default]
2020-04-14 09:30:05.487 [,] [main] INFO  o.hibernate.Version - [logVersion,44] - HHH000412: Hibernate ORM core version 5.4.12.Final
2020-04-14 09:30:05.590 [,] [main] INFO  o.h.a.common.Version - [<clinit>,49] - HCANN000001: Hibernate Commons Annotations {5.1.0.Final}
2020-04-14 09:30:05.801 [,] [main] INFO  c.z.h.HikariDataSource - [getConnection,110] - HikariPool-1 - Starting...
2020-04-14 09:30:06.783 [,] [main] INFO  c.z.h.HikariDataSource - [getConnection,123] - HikariPool-1 - Start completed.
2020-04-14 09:30:06.803 [,] [main] INFO  o.h.dialect.Dialect - [<init>,172] - HHH000400: Using dialect: org.hibernate.dialect.MySQL57Dialect
2020-04-14 09:30:08.418 [,] [main] INFO  o.h.e.t.j.p.i.JtaPlatformInitiator - [initiateService,52] - HHH000490: Using JtaPlatform implementation: [org.hibernate.engine.transaction.jta.platform.internal.NoJtaPlatform]
2020-04-14 09:30:09.073 [,] [main] INFO  c.n.c.s.URLConfigurationSource - [<init>,122] - To enable URLs as dynamic configuration sources, define System property archaius.configurationSource.additionalUrls or make config.properties available on classpath.
2020-04-14 09:30:09.078 [,] [main] INFO  c.n.c.s.URLConfigurationSource - [<init>,122] - To enable URLs as dynamic configuration sources, define System property archaius.configurationSource.additionalUrls or make config.properties available on classpath.
2020-04-14 09:30:11.137 [,] [main] INFO  c.z.h.HikariDataSource - [close,350] - HikariPool-1 - Shutdown initiated...
2020-04-14 09:30:11.355 [,] [main] INFO  c.z.h.HikariDataSource - [close,352] - HikariPool-1 - Shutdown completed.
2020-04-14 09:30:13.863 [,] [main] INFO  c.g.DemoGatewayApplicationTests - [logStartupProfileInfo,655] - The following profiles are active: app,db
2020-04-14 09:30:14.104 [,] [main] INFO  o.h.j.i.u.LogHelper - [logPersistenceUnitInformation,31] - HHH000204: Processing PersistenceUnitInfo [name: default]
2020-04-14 09:30:14.108 [,] [main] INFO  c.z.h.HikariDataSource - [getConnection,110] - HikariPool-2 - Starting...
2020-04-14 09:30:14.730 [,] [main] INFO  c.z.h.HikariDataSource - [getConnection,123] - HikariPool-2 - Start completed.
2020-04-14 09:30:14.730 [,] [main] INFO  o.h.dialect.Dialect - [<init>,172] - HHH000400: Using dialect: org.hibernate.dialect.MySQL57Dialect
2020-04-14 09:30:15.912 [,] [main] INFO  o.h.e.t.j.p.i.JtaPlatformInitiator - [initiateService,52] - HHH000490: Using JtaPlatform implementation: [org.hibernate.engine.transaction.jta.platform.internal.NoJtaPlatform]
2020-04-14 09:30:16.084 [,] [main] INFO  c.n.c.s.URLConfigurationSource - [<init>,122] - To enable URLs as dynamic configuration sources, define System property archaius.configurationSource.additionalUrls or make config.properties available on classpath.
2020-04-14 09:30:17.689 [,] [main] INFO  c.z.h.HikariDataSource - [close,350] - HikariPool-2 - Shutdown initiated...
2020-04-14 09:30:20.342 [,] [main] INFO  c.z.h.HikariDataSource - [close,352] - HikariPool-2 - Shutdown completed.
2020-04-14 09:30:47.154 [,] [main] INFO  c.g.DemoGatewayApplicationTests - [logStartupProfileInfo,655] - The following profiles are active: app,db
2020-04-14 09:30:48.076 [,] [main] INFO  o.h.j.i.u.LogHelper - [logPersistenceUnitInformation,31] - HHH000204: Processing PersistenceUnitInfo [name: default]
2020-04-14 09:30:48.139 [,] [main] INFO  o.hibernate.Version - [logVersion,44] - HHH000412: Hibernate ORM core version 5.4.12.Final
2020-04-14 09:30:48.247 [,] [main] INFO  o.h.a.common.Version - [<clinit>,49] - HCANN000001: Hibernate Commons Annotations {5.1.0.Final}
2020-04-14 09:30:48.466 [,] [main] INFO  c.z.h.HikariDataSource - [getConnection,110] - HikariPool-1 - Starting...
2020-04-14 09:30:49.367 [,] [main] INFO  c.z.h.HikariDataSource - [getConnection,123] - HikariPool-1 - Start completed.
2020-04-14 09:30:49.389 [,] [main] INFO  o.h.dialect.Dialect - [<init>,172] - HHH000400: Using dialect: org.hibernate.dialect.MySQL57Dialect
2020-04-14 09:30:51.164 [,] [main] INFO  o.h.e.t.j.p.i.JtaPlatformInitiator - [initiateService,52] - HHH000490: Using JtaPlatform implementation: [org.hibernate.engine.transaction.jta.platform.internal.NoJtaPlatform]
2020-04-14 09:30:51.797 [,] [main] INFO  c.n.c.s.URLConfigurationSource - [<init>,122] - To enable URLs as dynamic configuration sources, define System property archaius.configurationSource.additionalUrls or make config.properties available on classpath.
2020-04-14 09:30:51.802 [,] [main] INFO  c.n.c.s.URLConfigurationSource - [<init>,122] - To enable URLs as dynamic configuration sources, define System property archaius.configurationSource.additionalUrls or make config.properties available on classpath.
2020-04-14 09:30:53.836 [,] [main] INFO  c.z.h.HikariDataSource - [close,350] - HikariPool-1 - Shutdown initiated...
2020-04-14 09:30:57.020 [,] [main] INFO  c.z.h.HikariDataSource - [close,352] - HikariPool-1 - Shutdown completed.
2020-04-14 09:30:59.499 [,] [main] INFO  c.g.DemoGatewayApplicationTests - [logStartupProfileInfo,655] - The following profiles are active: app,db
2020-04-14 09:30:59.747 [,] [main] INFO  o.h.j.i.u.LogHelper - [logPersistenceUnitInformation,31] - HHH000204: Processing PersistenceUnitInfo [name: default]
2020-04-14 09:30:59.751 [,] [main] INFO  c.z.h.HikariDataSource - [getConnection,110] - HikariPool-2 - Starting...
2020-04-14 09:31:00.356 [,] [main] INFO  c.z.h.HikariDataSource - [getConnection,123] - HikariPool-2 - Start completed.
2020-04-14 09:31:00.356 [,] [main] INFO  o.h.dialect.Dialect - [<init>,172] - HHH000400: Using dialect: org.hibernate.dialect.MySQL57Dialect
2020-04-14 09:31:01.611 [,] [main] INFO  o.h.e.t.j.p.i.JtaPlatformInitiator - [initiateService,52] - HHH000490: Using JtaPlatform implementation: [org.hibernate.engine.transaction.jta.platform.internal.NoJtaPlatform]
2020-04-14 09:31:01.758 [,] [main] INFO  c.n.c.s.URLConfigurationSource - [<init>,122] - To enable URLs as dynamic configuration sources, define System property archaius.configurationSource.additionalUrls or make config.properties available on classpath.
2020-04-14 09:31:03.334 [,] [main] INFO  c.z.h.HikariDataSource - [close,350] - HikariPool-2 - Shutdown initiated...
2020-04-14 09:31:04.932 [,] [main] INFO  c.z.h.HikariDataSource - [close,352] - HikariPool-2 - Shutdown completed.
2020-04-14 09:32:14.864 [,] [main] INFO  c.g.DemoGatewayApplicationTests - [logStartupProfileInfo,655] - The following profiles are active: app,db
2020-04-14 09:32:15.770 [,] [main] INFO  o.h.j.i.u.LogHelper - [logPersistenceUnitInformation,31] - HHH000204: Processing PersistenceUnitInfo [name: default]
2020-04-14 09:32:15.832 [,] [main] INFO  o.hibernate.Version - [logVersion,44] - HHH000412: Hibernate ORM core version 5.4.12.Final
2020-04-14 09:32:15.937 [,] [main] INFO  o.h.a.common.Version - [<clinit>,49] - HCANN000001: Hibernate Commons Annotations {5.1.0.Final}
2020-04-14 09:32:16.149 [,] [main] INFO  c.z.h.HikariDataSource - [getConnection,110] - HikariPool-1 - Starting...
2020-04-14 09:32:16.969 [,] [main] INFO  c.z.h.HikariDataSource - [getConnection,123] - HikariPool-1 - Start completed.
2020-04-14 09:32:16.999 [,] [main] INFO  o.h.dialect.Dialect - [<init>,172] - HHH000400: Using dialect: org.hibernate.dialect.MySQL57Dialect
2020-04-14 09:32:18.598 [,] [main] INFO  o.h.e.t.j.p.i.JtaPlatformInitiator - [initiateService,52] - HHH000490: Using JtaPlatform implementation: [org.hibernate.engine.transaction.jta.platform.internal.NoJtaPlatform]
2020-04-14 09:32:19.277 [,] [main] INFO  c.n.c.s.URLConfigurationSource - [<init>,122] - To enable URLs as dynamic configuration sources, define System property archaius.configurationSource.additionalUrls or make config.properties available on classpath.
2020-04-14 09:32:19.282 [,] [main] INFO  c.n.c.s.URLConfigurationSource - [<init>,122] - To enable URLs as dynamic configuration sources, define System property archaius.configurationSource.additionalUrls or make config.properties available on classpath.
2020-04-14 09:32:21.332 [,] [main] INFO  c.z.h.HikariDataSource - [close,350] - HikariPool-1 - Shutdown initiated...
2020-04-14 09:32:21.566 [,] [main] INFO  c.z.h.HikariDataSource - [close,352] - HikariPool-1 - Shutdown completed.
2020-04-14 09:32:24.063 [,] [main] INFO  c.g.DemoGatewayApplicationTests - [logStartupProfileInfo,655] - The following profiles are active: app,db
2020-04-14 09:32:24.317 [,] [main] INFO  o.h.j.i.u.LogHelper - [logPersistenceUnitInformation,31] - HHH000204: Processing PersistenceUnitInfo [name: default]
2020-04-14 09:32:24.322 [,] [main] INFO  c.z.h.HikariDataSource - [getConnection,110] - HikariPool-2 - Starting...
2020-04-14 09:33:03.327 [,] [main] INFO  c.g.DemoGatewayApplicationTests - [logStartupProfileInfo,655] - The following profiles are active: app,db
2020-04-14 09:33:04.219 [,] [main] INFO  o.h.j.i.u.LogHelper - [logPersistenceUnitInformation,31] - HHH000204: Processing PersistenceUnitInfo [name: default]
2020-04-14 09:33:04.282 [,] [main] INFO  o.hibernate.Version - [logVersion,44] - HHH000412: Hibernate ORM core version 5.4.12.Final
2020-04-14 09:33:04.387 [,] [main] INFO  o.h.a.common.Version - [<clinit>,49] - HCANN000001: Hibernate Commons Annotations {5.1.0.Final}
2020-04-14 09:33:04.597 [,] [main] INFO  c.z.h.HikariDataSource - [getConnection,110] - HikariPool-1 - Starting...
2020-04-14 09:33:07.599 [,] [main] INFO  c.z.h.HikariDataSource - [getConnection,123] - HikariPool-1 - Start completed.
2020-04-14 09:33:07.628 [,] [main] INFO  o.h.dialect.Dialect - [<init>,172] - HHH000400: Using dialect: org.hibernate.dialect.MySQL57Dialect
2020-04-14 09:33:09.246 [,] [main] INFO  o.h.e.t.j.p.i.JtaPlatformInitiator - [initiateService,52] - HHH000490: Using JtaPlatform implementation: [org.hibernate.engine.transaction.jta.platform.internal.NoJtaPlatform]
2020-04-14 09:33:09.929 [,] [main] INFO  c.n.c.s.URLConfigurationSource - [<init>,122] - To enable URLs as dynamic configuration sources, define System property archaius.configurationSource.additionalUrls or make config.properties available on classpath.
2020-04-14 09:33:09.935 [,] [main] INFO  c.n.c.s.URLConfigurationSource - [<init>,122] - To enable URLs as dynamic configuration sources, define System property archaius.configurationSource.additionalUrls or make config.properties available on classpath.
2020-04-14 09:33:14.550 [,] [main] INFO  c.g.DemoGatewayApplicationTests - [logStarted,61] - Started DemoGatewayApplicationTests in 14.12 seconds (JVM running for 14.901)
2020-04-14 09:33:14.875 [,] [SpringContextShutdownHook] INFO  c.z.h.HikariDataSource - [close,350] - HikariPool-1 - Shutdown initiated...
2020-04-14 09:33:15.341 [,] [SpringContextShutdownHook] INFO  c.z.h.HikariDataSource - [close,352] - HikariPool-1 - Shutdown completed.
2020-04-14 09:33:50.972 [,] [main] INFO  c.g.DemoGatewayApplicationTests - [logStartupProfileInfo,655] - The following profiles are active: app,db
2020-04-14 09:33:51.966 [,] [main] INFO  o.h.j.i.u.LogHelper - [logPersistenceUnitInformation,31] - HHH000204: Processing PersistenceUnitInfo [name: default]
2020-04-14 09:33:52.030 [,] [main] INFO  o.hibernate.Version - [logVersion,44] - HHH000412: Hibernate ORM core version 5.4.12.Final
2020-04-14 09:33:52.144 [,] [main] INFO  o.h.a.common.Version - [<clinit>,49] - HCANN000001: Hibernate Commons Annotations {5.1.0.Final}
2020-04-14 09:33:52.377 [,] [main] INFO  c.z.h.HikariDataSource - [getConnection,110] - HikariPool-1 - Starting...
2020-04-14 09:34:00.180 [,] [main] INFO  c.g.DemoGatewayApplicationTests - [logStartupProfileInfo,655] - The following profiles are active: app,db
2020-04-14 09:34:00.487 [,] [main] INFO  o.h.j.i.u.LogHelper - [logPersistenceUnitInformation,31] - HHH000204: Processing PersistenceUnitInfo [name: default]
2020-04-14 09:34:00.491 [,] [main] INFO  c.z.h.HikariDataSource - [getConnection,110] - HikariPool-2 - Starting...
2020-04-14 09:34:01.399 [,] [main] INFO  c.z.h.HikariDataSource - [getConnection,123] - HikariPool-2 - Start completed.
2020-04-14 09:34:01.421 [,] [main] INFO  o.h.dialect.Dialect - [<init>,172] - HHH000400: Using dialect: org.hibernate.dialect.MySQL57Dialect
2020-04-14 09:34:03.157 [,] [main] INFO  o.h.e.t.j.p.i.JtaPlatformInitiator - [initiateService,52] - HHH000490: Using JtaPlatform implementation: [org.hibernate.engine.transaction.jta.platform.internal.NoJtaPlatform]
2020-04-14 09:34:03.920 [,] [main] INFO  c.n.c.s.URLConfigurationSource - [<init>,122] - To enable URLs as dynamic configuration sources, define System property archaius.configurationSource.additionalUrls or make config.properties available on classpath.
2020-04-14 09:34:03.927 [,] [main] INFO  c.n.c.s.URLConfigurationSource - [<init>,122] - To enable URLs as dynamic configuration sources, define System property archaius.configurationSource.additionalUrls or make config.properties available on classpath.
2020-04-14 09:34:09.280 [,] [main] INFO  c.g.DemoGatewayApplicationTests - [logStarted,61] - Started DemoGatewayApplicationTests in 11.592 seconds (JVM running for 22.131)
2020-04-14 09:34:09.339 [,] [SpringContextShutdownHook] INFO  c.z.h.HikariDataSource - [close,350] - HikariPool-2 - Shutdown initiated...
2020-04-14 09:34:09.482 [,] [SpringContextShutdownHook] INFO  c.z.h.HikariDataSource - [close,352] - HikariPool-2 - Shutdown completed.
2020-04-14 09:34:10.148 [,] [main] INFO  c.g.DemoGatewayApplicationTests - [logStartupProfileInfo,655] - The following profiles are active: app,db
2020-04-14 09:34:11.111 [,] [main] INFO  o.h.j.i.u.LogHelper - [logPersistenceUnitInformation,31] - HHH000204: Processing PersistenceUnitInfo [name: default]
2020-04-14 09:34:11.176 [,] [main] INFO  o.hibernate.Version - [logVersion,44] - HHH000412: Hibernate ORM core version 5.4.12.Final
2020-04-14 09:34:11.282 [,] [main] INFO  o.h.a.common.Version - [<clinit>,49] - HCANN000001: Hibernate Commons Annotations {5.1.0.Final}
2020-04-14 09:34:11.491 [,] [main] INFO  c.z.h.HikariDataSource - [getConnection,110] - HikariPool-1 - Starting...
2020-04-14 09:34:12.456 [,] [main] INFO  c.z.h.HikariDataSource - [getConnection,123] - HikariPool-1 - Start completed.
2020-04-14 09:34:12.480 [,] [main] INFO  o.h.dialect.Dialect - [<init>,172] - HHH000400: Using dialect: org.hibernate.dialect.MySQL57Dialect
2020-04-14 09:34:14.186 [,] [main] INFO  o.h.e.t.j.p.i.JtaPlatformInitiator - [initiateService,52] - HHH000490: Using JtaPlatform implementation: [org.hibernate.engine.transaction.jta.platform.internal.NoJtaPlatform]
2020-04-14 09:34:14.887 [,] [main] INFO  c.n.c.s.URLConfigurationSource - [<init>,122] - To enable URLs as dynamic configuration sources, define System property archaius.configurationSource.additionalUrls or make config.properties available on classpath.
2020-04-14 09:34:14.895 [,] [main] INFO  c.n.c.s.URLConfigurationSource - [<init>,122] - To enable URLs as dynamic configuration sources, define System property archaius.configurationSource.additionalUrls or make config.properties available on classpath.
2020-04-14 09:34:19.558 [,] [main] INFO  c.g.DemoGatewayApplicationTests - [logStarted,61] - Started DemoGatewayApplicationTests in 12.329 seconds (JVM running for 13.583)
2020-04-14 09:34:19.882 [,] [SpringContextShutdownHook] INFO  c.z.h.HikariDataSource - [close,350] - HikariPool-1 - Shutdown initiated...
2020-04-14 09:34:24.145 [,] [SpringContextShutdownHook] INFO  c.z.h.HikariDataSource - [close,352] - HikariPool-1 - Shutdown completed.
2020-04-14 09:34:32.202 [,] [main] INFO  c.g.DemoGatewayApplicationTests - [logStartupProfileInfo,655] - The following profiles are active: app,db
2020-04-14 09:34:33.306 [,] [main] INFO  o.h.j.i.u.LogHelper - [logPersistenceUnitInformation,31] - HHH000204: Processing PersistenceUnitInfo [name: default]
2020-04-14 09:34:33.371 [,] [main] INFO  o.hibernate.Version - [logVersion,44] - HHH000412: Hibernate ORM core version 5.4.12.Final
2020-04-14 09:34:33.498 [,] [main] INFO  o.h.a.common.Version - [<clinit>,49] - HCANN000001: Hibernate Commons Annotations {5.1.0.Final}
2020-04-14 09:34:33.738 [,] [main] INFO  c.z.h.HikariDataSource - [getConnection,110] - HikariPool-1 - Starting...
2020-04-14 09:34:41.536 [,] [main] INFO  c.g.DemoGatewayApplicationTests - [logStartupProfileInfo,655] - The following profiles are active: app,db
2020-04-14 09:34:41.853 [,] [main] INFO  o.h.j.i.u.LogHelper - [logPersistenceUnitInformation,31] - HHH000204: Processing PersistenceUnitInfo [name: default]
2020-04-14 09:34:41.857 [,] [main] INFO  c.z.h.HikariDataSource - [getConnection,110] - HikariPool-2 - Starting...
2020-04-14 09:34:44.776 [,] [main] INFO  c.z.h.HikariDataSource - [getConnection,123] - HikariPool-2 - Start completed.
2020-04-14 09:34:44.797 [,] [main] INFO  o.h.dialect.Dialect - [<init>,172] - HHH000400: Using dialect: org.hibernate.dialect.MySQL57Dialect
2020-04-14 09:34:46.579 [,] [main] INFO  o.h.e.t.j.p.i.JtaPlatformInitiator - [initiateService,52] - HHH000490: Using JtaPlatform implementation: [org.hibernate.engine.transaction.jta.platform.internal.NoJtaPlatform]
2020-04-14 09:34:47.281 [,] [main] INFO  c.n.c.s.URLConfigurationSource - [<init>,122] - To enable URLs as dynamic configuration sources, define System property archaius.configurationSource.additionalUrls or make config.properties available on classpath.
2020-04-14 09:34:47.288 [,] [main] INFO  c.n.c.s.URLConfigurationSource - [<init>,122] - To enable URLs as dynamic configuration sources, define System property archaius.configurationSource.additionalUrls or make config.properties available on classpath.
2020-04-14 09:34:52.147 [,] [main] INFO  c.g.DemoGatewayApplicationTests - [logStarted,61] - Started DemoGatewayApplicationTests in 13.107 seconds (JVM running for 23.821)
2020-04-14 09:34:52.194 [,] [SpringContextShutdownHook] INFO  c.z.h.HikariDataSource - [close,350] - HikariPool-2 - Shutdown initiated...
2020-04-14 09:34:53.939 [,] [SpringContextShutdownHook] INFO  c.z.h.HikariDataSource - [close,352] - HikariPool-2 - Shutdown completed.
2020-04-14 09:35:26.308 [,] [main] INFO  c.g.DemoGatewayApplicationTests - [logStartupProfileInfo,655] - The following profiles are active: app,db
2020-04-14 09:35:27.282 [,] [main] INFO  o.h.j.i.u.LogHelper - [logPersistenceUnitInformation,31] - HHH000204: Processing PersistenceUnitInfo [name: default]
2020-04-14 09:35:27.340 [,] [main] INFO  o.hibernate.Version - [logVersion,44] - HHH000412: Hibernate ORM core version 5.4.12.Final
2020-04-14 09:35:27.441 [,] [main] INFO  o.h.a.common.Version - [<clinit>,49] - HCANN000001: Hibernate Commons Annotations {5.1.0.Final}
2020-04-14 09:35:27.649 [,] [main] INFO  c.z.h.HikariDataSource - [getConnection,110] - HikariPool-1 - Starting...
2020-04-14 09:35:35.418 [,] [main] INFO  c.g.DemoGatewayApplicationTests - [logStartupProfileInfo,655] - The following profiles are active: app,db
2020-04-14 09:35:35.669 [,] [main] INFO  o.h.j.i.u.LogHelper - [logPersistenceUnitInformation,31] - HHH000204: Processing PersistenceUnitInfo [name: default]
2020-04-14 09:35:35.673 [,] [main] INFO  c.z.h.HikariDataSource - [getConnection,110] - HikariPool-2 - Starting...
2020-04-14 09:35:40.044 [,] [main] INFO  c.g.DemoGatewayApplicationTests - [logStartupProfileInfo,655] - The following profiles are active: app,db
2020-04-14 09:35:40.984 [,] [main] INFO  o.h.j.i.u.LogHelper - [logPersistenceUnitInformation,31] - HHH000204: Processing PersistenceUnitInfo [name: default]
2020-04-14 09:35:41.056 [,] [main] INFO  o.hibernate.Version - [logVersion,44] - HHH000412: Hibernate ORM core version 5.4.12.Final
2020-04-14 09:35:41.157 [,] [main] INFO  o.h.a.common.Version - [<clinit>,49] - HCANN000001: Hibernate Commons Annotations {5.1.0.Final}
2020-04-14 09:35:41.382 [,] [main] INFO  c.z.h.HikariDataSource - [getConnection,110] - HikariPool-1 - Starting...
2020-04-14 09:35:42.293 [,] [main] INFO  c.z.h.HikariDataSource - [getConnection,123] - HikariPool-1 - Start completed.
2020-04-14 09:35:42.312 [,] [main] INFO  o.h.dialect.Dialect - [<init>,172] - HHH000400: Using dialect: org.hibernate.dialect.MySQL57Dialect
2020-04-14 09:35:44.003 [,] [main] INFO  o.h.e.t.j.p.i.JtaPlatformInitiator - [initiateService,52] - HHH000490: Using JtaPlatform implementation: [org.hibernate.engine.transaction.jta.platform.internal.NoJtaPlatform]
2020-04-14 09:35:44.660 [,] [main] INFO  c.n.c.s.URLConfigurationSource - [<init>,122] - To enable URLs as dynamic configuration sources, define System property archaius.configurationSource.additionalUrls or make config.properties available on classpath.
2020-04-14 09:35:44.666 [,] [main] INFO  c.n.c.s.URLConfigurationSource - [<init>,122] - To enable URLs as dynamic configuration sources, define System property archaius.configurationSource.additionalUrls or make config.properties available on classpath.
2020-04-14 09:35:49.305 [,] [main] INFO  c.g.DemoGatewayApplicationTests - [logStarted,61] - Started DemoGatewayApplicationTests in 12.126 seconds (JVM running for 12.937)
2020-04-14 09:35:49.627 [,] [SpringContextShutdownHook] INFO  c.z.h.HikariDataSource - [close,350] - HikariPool-1 - Shutdown initiated...
2020-04-14 09:35:49.934 [,] [SpringContextShutdownHook] INFO  c.z.h.HikariDataSource - [close,352] - HikariPool-1 - Shutdown completed.
2020-04-14 09:36:12.783 [,] [main] INFO  c.g.DemoGatewayApplicationTests - [logStartupProfileInfo,655] - The following profiles are active: app,db
2020-04-14 09:36:13.847 [,] [main] INFO  o.h.j.i.u.LogHelper - [logPersistenceUnitInformation,31] - HHH000204: Processing PersistenceUnitInfo [name: default]
2020-04-14 09:36:13.915 [,] [main] INFO  o.hibernate.Version - [logVersion,44] - HHH000412: Hibernate ORM core version 5.4.12.Final
2020-04-14 09:36:14.034 [,] [main] INFO  o.h.a.common.Version - [<clinit>,49] - HCANN000001: Hibernate Commons Annotations {5.1.0.Final}
2020-04-14 09:36:14.272 [,] [main] INFO  c.z.h.HikariDataSource - [getConnection,110] - HikariPool-1 - Starting...
2020-04-14 09:36:15.254 [,] [main] INFO  c.z.h.HikariDataSource - [getConnection,123] - HikariPool-1 - Start completed.
2020-04-14 09:36:15.276 [,] [main] INFO  o.h.dialect.Dialect - [<init>,172] - HHH000400: Using dialect: org.hibernate.dialect.MySQL57Dialect
2020-04-14 09:36:17.130 [,] [main] INFO  o.h.e.t.j.p.i.JtaPlatformInitiator - [initiateService,52] - HHH000490: Using JtaPlatform implementation: [org.hibernate.engine.transaction.jta.platform.internal.NoJtaPlatform]
2020-04-14 09:36:17.864 [,] [main] INFO  c.n.c.s.URLConfigurationSource - [<init>,122] - To enable URLs as dynamic configuration sources, define System property archaius.configurationSource.additionalUrls or make config.properties available on classpath.
2020-04-14 09:36:17.870 [,] [main] INFO  c.n.c.s.URLConfigurationSource - [<init>,122] - To enable URLs as dynamic configuration sources, define System property archaius.configurationSource.additionalUrls or make config.properties available on classpath.
2020-04-14 09:36:22.710 [,] [main] INFO  c.g.DemoGatewayApplicationTests - [logStarted,61] - Started DemoGatewayApplicationTests in 12.847 seconds (JVM running for 13.786)
2020-04-14 09:51:07.471 [,] [main] INFO  c.g.DemoGatewayApplicationTests - [logStartupProfileInfo,655] - The following profiles are active: app,db
2020-04-14 09:51:08.430 [,] [main] INFO  o.h.j.i.u.LogHelper - [logPersistenceUnitInformation,31] - HHH000204: Processing PersistenceUnitInfo [name: default]
2020-04-14 09:51:08.496 [,] [main] INFO  o.hibernate.Version - [logVersion,44] - HHH000412: Hibernate ORM core version 5.4.12.Final
2020-04-14 09:51:08.602 [,] [main] INFO  o.h.a.common.Version - [<clinit>,49] - HCANN000001: Hibernate Commons Annotations {5.1.0.Final}
2020-04-14 09:51:08.815 [,] [main] INFO  c.z.h.HikariDataSource - [getConnection,110] - HikariPool-1 - Starting...
2020-04-14 09:51:16.619 [,] [main] INFO  c.g.DemoGatewayApplicationTests - [logStartupProfileInfo,655] - The following profiles are active: app,db
2020-04-14 09:51:16.879 [,] [main] INFO  o.h.j.i.u.LogHelper - [logPersistenceUnitInformation,31] - HHH000204: Processing PersistenceUnitInfo [name: default]
2020-04-14 09:51:16.884 [,] [main] INFO  c.z.h.HikariDataSource - [getConnection,110] - HikariPool-2 - Starting...
2020-04-14 09:51:17.714 [,] [main] INFO  c.z.h.HikariDataSource - [getConnection,123] - HikariPool-2 - Start completed.
2020-04-14 09:51:17.733 [,] [main] INFO  o.h.dialect.Dialect - [<init>,172] - HHH000400: Using dialect: org.hibernate.dialect.MySQL57Dialect
2020-04-14 09:51:19.406 [,] [main] INFO  o.h.e.t.j.p.i.JtaPlatformInitiator - [initiateService,52] - HHH000490: Using JtaPlatform implementation: [org.hibernate.engine.transaction.jta.platform.internal.NoJtaPlatform]
2020-04-14 09:51:20.403 [,] [main] INFO  c.n.c.s.URLConfigurationSource - [<init>,122] - To enable URLs as dynamic configuration sources, define System property archaius.configurationSource.additionalUrls or make config.properties available on classpath.
2020-04-14 09:51:20.417 [,] [main] INFO  c.n.c.s.URLConfigurationSource - [<init>,122] - To enable URLs as dynamic configuration sources, define System property archaius.configurationSource.additionalUrls or make config.properties available on classpath.
2020-04-14 09:51:23.932 [,] [main] INFO  c.g.DemoGatewayApplicationTests - [logStartupProfileInfo,655] - The following profiles are active: app,db
2020-04-14 09:51:24.902 [,] [main] INFO  o.h.j.i.u.LogHelper - [logPersistenceUnitInformation,31] - HHH000204: Processing PersistenceUnitInfo [name: default]
2020-04-14 09:51:24.968 [,] [main] INFO  o.hibernate.Version - [logVersion,44] - HHH000412: Hibernate ORM core version 5.4.12.Final
2020-04-14 09:51:25.076 [,] [main] INFO  o.h.a.common.Version - [<clinit>,49] - HCANN000001: Hibernate Commons Annotations {5.1.0.Final}
2020-04-14 09:51:25.291 [,] [main] INFO  c.z.h.HikariDataSource - [getConnection,110] - HikariPool-1 - Starting...
2020-04-14 09:51:25.566 [,] [main] INFO  c.g.DemoGatewayApplicationTests - [logStarted,61] - Started DemoGatewayApplicationTests in 11.431 seconds (JVM running for 21.899)
2020-04-14 09:51:25.627 [,] [SpringContextShutdownHook] INFO  c.z.h.HikariDataSource - [close,350] - HikariPool-2 - Shutdown initiated...
2020-04-14 09:51:26.257 [,] [main] INFO  c.z.h.HikariDataSource - [getConnection,123] - HikariPool-1 - Start completed.
2020-04-14 09:51:26.278 [,] [main] INFO  o.h.dialect.Dialect - [<init>,172] - HHH000400: Using dialect: org.hibernate.dialect.MySQL57Dialect
2020-04-14 09:51:27.978 [,] [main] INFO  o.h.e.t.j.p.i.JtaPlatformInitiator - [initiateService,52] - HHH000490: Using JtaPlatform implementation: [org.hibernate.engine.transaction.jta.platform.internal.NoJtaPlatform]
2020-04-14 09:51:28.589 [,] [SpringContextShutdownHook] INFO  c.z.h.HikariDataSource - [close,352] - HikariPool-2 - Shutdown completed.
2020-04-14 09:51:28.682 [,] [main] INFO  c.n.c.s.URLConfigurationSource - [<init>,122] - To enable URLs as dynamic configuration sources, define System property archaius.configurationSource.additionalUrls or make config.properties available on classpath.
2020-04-14 09:51:28.687 [,] [main] INFO  c.n.c.s.URLConfigurationSource - [<init>,122] - To enable URLs as dynamic configuration sources, define System property archaius.configurationSource.additionalUrls or make config.properties available on classpath.
2020-04-14 09:51:33.407 [,] [main] INFO  c.g.DemoGatewayApplicationTests - [logStarted,61] - Started DemoGatewayApplicationTests in 12.632 seconds (JVM running for 13.895)
2020-04-14 09:51:33.758 [,] [SpringContextShutdownHook] INFO  c.z.h.HikariDataSource - [close,350] - HikariPool-1 - Shutdown initiated...
2020-04-14 09:51:35.493 [,] [SpringContextShutdownHook] INFO  c.z.h.HikariDataSource - [close,352] - HikariPool-1 - Shutdown completed.
2020-04-14 09:52:42.289 [,] [main] INFO  c.g.DemoGatewayApplicationTests - [logStartupProfileInfo,655] - The following profiles are active: app,db
2020-04-14 09:52:43.365 [,] [main] INFO  o.h.j.i.u.LogHelper - [logPersistenceUnitInformation,31] - HHH000204: Processing PersistenceUnitInfo [name: default]
2020-04-14 09:52:43.436 [,] [main] INFO  o.hibernate.Version - [logVersion,44] - HHH000412: Hibernate ORM core version 5.4.12.Final
2020-04-14 09:52:43.549 [,] [main] INFO  o.h.a.common.Version - [<clinit>,49] - HCANN000001: Hibernate Commons Annotations {5.1.0.Final}
2020-04-14 09:52:43.769 [,] [main] INFO  c.z.h.HikariDataSource - [getConnection,110] - HikariPool-1 - Starting...
2020-04-14 09:52:51.607 [,] [main] INFO  c.g.DemoGatewayApplicationTests - [logStartupProfileInfo,655] - The following profiles are active: app,db
2020-04-14 09:52:51.873 [,] [main] INFO  o.h.j.i.u.LogHelper - [logPersistenceUnitInformation,31] - HHH000204: Processing PersistenceUnitInfo [name: default]
2020-04-14 09:52:51.878 [,] [main] INFO  c.z.h.HikariDataSource - [getConnection,110] - HikariPool-2 - Starting...
2020-04-14 09:52:54.819 [,] [main] INFO  c.z.h.HikariDataSource - [getConnection,123] - HikariPool-2 - Start completed.
2020-04-14 09:52:54.839 [,] [main] INFO  o.h.dialect.Dialect - [<init>,172] - HHH000400: Using dialect: org.hibernate.dialect.MySQL57Dialect
2020-04-14 09:52:56.615 [,] [main] INFO  o.h.e.t.j.p.i.JtaPlatformInitiator - [initiateService,52] - HHH000490: Using JtaPlatform implementation: [org.hibernate.engine.transaction.jta.platform.internal.NoJtaPlatform]
2020-04-14 09:52:57.392 [,] [main] INFO  c.n.c.s.URLConfigurationSource - [<init>,122] - To enable URLs as dynamic configuration sources, define System property archaius.configurationSource.additionalUrls or make config.properties available on classpath.
2020-04-14 09:52:57.399 [,] [main] INFO  c.n.c.s.URLConfigurationSource - [<init>,122] - To enable URLs as dynamic configuration sources, define System property archaius.configurationSource.additionalUrls or make config.properties available on classpath.
2020-04-14 09:53:01.289 [,] [main] INFO  c.g.DemoGatewayApplicationTests - [logStartupProfileInfo,655] - The following profiles are active: app,db
2020-04-14 09:53:02.274 [,] [main] INFO  o.h.j.i.u.LogHelper - [logPersistenceUnitInformation,31] - HHH000204: Processing PersistenceUnitInfo [name: default]
2020-04-14 09:53:02.355 [,] [main] INFO  o.hibernate.Version - [logVersion,44] - HHH000412: Hibernate ORM core version 5.4.12.Final
2020-04-14 09:53:02.440 [,] [main] INFO  c.g.DemoGatewayApplicationTests - [logStarted,61] - Started DemoGatewayApplicationTests in 13.328 seconds (JVM running for 23.942)
2020-04-14 09:53:02.496 [,] [SpringContextShutdownHook] INFO  c.z.h.HikariDataSource - [close,350] - HikariPool-2 - Shutdown initiated...
2020-04-14 09:53:02.510 [,] [main] INFO  o.h.a.common.Version - [<clinit>,49] - HCANN000001: Hibernate Commons Annotations {5.1.0.Final}
2020-04-14 09:53:02.757 [,] [main] INFO  c.z.h.HikariDataSource - [getConnection,110] - HikariPool-1 - Starting...
2020-04-14 09:53:03.699 [,] [main] INFO  c.z.h.HikariDataSource - [getConnection,123] - HikariPool-1 - Start completed.
2020-04-14 09:53:03.728 [,] [main] INFO  o.h.dialect.Dialect - [<init>,172] - HHH000400: Using dialect: org.hibernate.dialect.MySQL57Dialect
2020-04-14 09:53:04.548 [,] [SpringContextShutdownHook] INFO  c.z.h.HikariDataSource - [close,352] - HikariPool-2 - Shutdown completed.
2020-04-14 09:53:05.407 [,] [main] INFO  o.h.e.t.j.p.i.JtaPlatformInitiator - [initiateService,52] - HHH000490: Using JtaPlatform implementation: [org.hibernate.engine.transaction.jta.platform.internal.NoJtaPlatform]
2020-04-14 09:53:06.217 [,] [main] INFO  c.n.c.s.URLConfigurationSource - [<init>,122] - To enable URLs as dynamic configuration sources, define System property archaius.configurationSource.additionalUrls or make config.properties available on classpath.
2020-04-14 09:53:06.223 [,] [main] INFO  c.n.c.s.URLConfigurationSource - [<init>,122] - To enable URLs as dynamic configuration sources, define System property archaius.configurationSource.additionalUrls or make config.properties available on classpath.
2020-04-14 09:53:10.971 [,] [main] INFO  c.g.DemoGatewayApplicationTests - [logStarted,61] - Started DemoGatewayApplicationTests in 12.756 seconds (JVM running for 13.781)
2020-04-14 09:53:11.321 [,] [SpringContextShutdownHook] INFO  c.z.h.HikariDataSource - [close,350] - HikariPool-1 - Shutdown initiated...
2020-04-14 09:53:13.498 [,] [SpringContextShutdownHook] INFO  c.z.h.HikariDataSource - [close,352] - HikariPool-1 - Shutdown completed.
2020-04-14 09:55:09.889 [,] [main] INFO  c.g.DemoGatewayApplicationTests - [logStartupProfileInfo,655] - The following profiles are active: app,db
2020-04-14 09:55:10.845 [,] [main] INFO  o.h.j.i.u.LogHelper - [logPersistenceUnitInformation,31] - HHH000204: Processing PersistenceUnitInfo [name: default]
2020-04-14 09:55:10.916 [,] [main] INFO  o.hibernate.Version - [logVersion,44] - HHH000412: Hibernate ORM core version 5.4.12.Final
2020-04-14 09:55:11.024 [,] [main] INFO  o.h.a.common.Version - [<clinit>,49] - HCANN000001: Hibernate Commons Annotations {5.1.0.Final}
2020-04-14 09:55:11.253 [,] [main] INFO  c.z.h.HikariDataSource - [getConnection,110] - HikariPool-1 - Starting...
2020-04-14 09:55:14.934 [,] [SpringContextShutdownHook] INFO  c.z.h.HikariDataSource - [close,350] - HikariPool-1 - Shutdown initiated...
2020-04-14 09:55:16.842 [,] [SpringContextShutdownHook] INFO  c.z.h.HikariDataSource - [close,350] - HikariPool-1 - Shutdown initiated...
2020-04-14 09:55:27.550 [,] [main] INFO  c.g.DemoGatewayApplicationTests - [logStartupProfileInfo,655] - The following profiles are active: app,db
2020-04-14 09:55:28.488 [,] [main] INFO  o.h.j.i.u.LogHelper - [logPersistenceUnitInformation,31] - HHH000204: Processing PersistenceUnitInfo [name: default]
2020-04-14 09:55:28.547 [,] [main] INFO  o.hibernate.Version - [logVersion,44] - HHH000412: Hibernate ORM core version 5.4.12.Final
2020-04-14 09:55:28.650 [,] [main] INFO  o.h.a.common.Version - [<clinit>,49] - HCANN000001: Hibernate Commons Annotations {5.1.0.Final}
2020-04-14 09:55:28.863 [,] [main] INFO  c.z.h.HikariDataSource - [getConnection,110] - HikariPool-1 - Starting...
2020-04-14 09:55:36.643 [,] [main] INFO  c.g.DemoGatewayApplicationTests - [logStartupProfileInfo,655] - The following profiles are active: app,db
2020-04-14 09:55:36.922 [,] [main] INFO  o.h.j.i.u.LogHelper - [logPersistenceUnitInformation,31] - HHH000204: Processing PersistenceUnitInfo [name: default]
2020-04-14 09:55:36.926 [,] [main] INFO  c.z.h.HikariDataSource - [getConnection,110] - HikariPool-2 - Starting...
2020-04-14 09:55:37.635 [,] [main] INFO  c.z.h.HikariDataSource - [getConnection,123] - HikariPool-2 - Start completed.
2020-04-14 09:55:37.655 [,] [main] INFO  o.h.dialect.Dialect - [<init>,172] - HHH000400: Using dialect: org.hibernate.dialect.MySQL57Dialect
2020-04-14 09:55:39.202 [,] [main] INFO  o.h.e.t.j.p.i.JtaPlatformInitiator - [initiateService,52] - HHH000490: Using JtaPlatform implementation: [org.hibernate.engine.transaction.jta.platform.internal.NoJtaPlatform]
2020-04-14 09:55:39.793 [,] [main] INFO  c.n.c.s.URLConfigurationSource - [<init>,122] - To enable URLs as dynamic configuration sources, define System property archaius.configurationSource.additionalUrls or make config.properties available on classpath.
2020-04-14 09:55:39.799 [,] [main] INFO  c.n.c.s.URLConfigurationSource - [<init>,122] - To enable URLs as dynamic configuration sources, define System property archaius.configurationSource.additionalUrls or make config.properties available on classpath.
2020-04-14 09:55:44.426 [,] [main] INFO  c.g.DemoGatewayApplicationTests - [logStarted,61] - Started DemoGatewayApplicationTests in 10.257 seconds (JVM running for 20.572)
2020-04-14 09:55:44.486 [,] [SpringContextShutdownHook] INFO  c.z.h.HikariDataSource - [close,350] - HikariPool-2 - Shutdown initiated...
2020-04-14 09:55:46.840 [,] [SpringContextShutdownHook] INFO  c.z.h.HikariDataSource - [close,352] - HikariPool-2 - Shutdown completed.
2020-04-14 09:56:49.363 [,] [main] INFO  c.g.DemoGatewayApplicationTests - [logStartupProfileInfo,655] - The following profiles are active: app,db
2020-04-14 09:56:57.415 [,] [main] INFO  c.g.DemoGatewayApplicationTests - [logStartupProfileInfo,655] - The following profiles are active: app,db
2020-04-14 09:56:58.391 [,] [main] INFO  o.h.j.i.u.LogHelper - [logPersistenceUnitInformation,31] - HHH000204: Processing PersistenceUnitInfo [name: default]
2020-04-14 09:56:58.463 [,] [main] INFO  o.hibernate.Version - [logVersion,44] - HHH000412: Hibernate ORM core version 5.4.12.Final
2020-04-14 09:56:58.572 [,] [main] INFO  o.h.a.common.Version - [<clinit>,49] - HCANN000001: Hibernate Commons Annotations {5.1.0.Final}
2020-04-14 09:56:58.789 [,] [main] INFO  c.z.h.HikariDataSource - [getConnection,110] - HikariPool-1 - Starting...
2020-04-14 09:56:59.648 [,] [main] INFO  c.z.h.HikariDataSource - [getConnection,123] - HikariPool-1 - Start completed.
2020-04-14 09:56:59.670 [,] [main] INFO  o.h.dialect.Dialect - [<init>,172] - HHH000400: Using dialect: org.hibernate.dialect.MySQL57Dialect
2020-04-14 09:57:01.245 [,] [main] INFO  o.h.e.t.j.p.i.JtaPlatformInitiator - [initiateService,52] - HHH000490: Using JtaPlatform implementation: [org.hibernate.engine.transaction.jta.platform.internal.NoJtaPlatform]
2020-04-14 09:57:01.988 [,] [main] INFO  c.n.c.s.URLConfigurationSource - [<init>,122] - To enable URLs as dynamic configuration sources, define System property archaius.configurationSource.additionalUrls or make config.properties available on classpath.
2020-04-14 09:57:01.994 [,] [main] INFO  c.n.c.s.URLConfigurationSource - [<init>,122] - To enable URLs as dynamic configuration sources, define System property archaius.configurationSource.additionalUrls or make config.properties available on classpath.
2020-04-14 09:57:06.691 [,] [main] INFO  c.g.DemoGatewayApplicationTests - [logStarted,61] - Started DemoGatewayApplicationTests in 12.187 seconds (JVM running for 12.977)
2020-04-14 09:57:07.019 [,] [SpringContextShutdownHook] INFO  c.z.h.HikariDataSource - [close,350] - HikariPool-1 - Shutdown initiated...
2020-04-14 09:57:08.816 [,] [SpringContextShutdownHook] INFO  c.z.h.HikariDataSource - [close,352] - HikariPool-1 - Shutdown completed.
2020-04-14 10:00:18.559 [,] [main] INFO  c.g.DemoGatewayApplicationTests - [logStartupProfileInfo,655] - The following profiles are active: app,db
2020-04-14 10:00:19.487 [,] [main] INFO  o.h.j.i.u.LogHelper - [logPersistenceUnitInformation,31] - HHH000204: Processing PersistenceUnitInfo [name: default]
2020-04-14 10:00:19.559 [,] [main] INFO  o.hibernate.Version - [logVersion,44] - HHH000412: Hibernate ORM core version 5.4.12.Final
2020-04-14 10:00:19.684 [,] [main] INFO  o.h.a.common.Version - [<clinit>,49] - HCANN000001: Hibernate Commons Annotations {5.1.0.Final}
2020-04-14 10:00:19.920 [,] [main] INFO  c.z.h.HikariDataSource - [getConnection,110] - HikariPool-1 - Starting...
2020-04-14 10:00:20.848 [,] [main] INFO  c.z.h.HikariDataSource - [getConnection,123] - HikariPool-1 - Start completed.
2020-04-14 10:00:20.872 [,] [main] INFO  o.h.dialect.Dialect - [<init>,172] - HHH000400: Using dialect: org.hibernate.dialect.MySQL57Dialect
2020-04-14 10:00:22.597 [,] [main] INFO  o.h.e.t.j.p.i.JtaPlatformInitiator - [initiateService,52] - HHH000490: Using JtaPlatform implementation: [org.hibernate.engine.transaction.jta.platform.internal.NoJtaPlatform]
2020-04-14 10:00:23.253 [,] [main] INFO  c.n.c.s.URLConfigurationSource - [<init>,122] - To enable URLs as dynamic configuration sources, define System property archaius.configurationSource.additionalUrls or make config.properties available on classpath.
2020-04-14 10:00:23.258 [,] [main] INFO  c.n.c.s.URLConfigurationSource - [<init>,122] - To enable URLs as dynamic configuration sources, define System property archaius.configurationSource.additionalUrls or make config.properties available on classpath.
2020-04-14 10:00:25.351 [,] [main] INFO  c.z.h.HikariDataSource - [close,350] - HikariPool-1 - Shutdown initiated...
2020-04-14 10:00:25.826 [,] [main] INFO  c.z.h.HikariDataSource - [close,352] - HikariPool-1 - Shutdown completed.
2020-04-14 10:00:28.324 [,] [main] INFO  c.g.DemoGatewayApplicationTests - [logStartupProfileInfo,655] - The following profiles are active: app,db
2020-04-14 10:00:28.600 [,] [main] INFO  o.h.j.i.u.LogHelper - [logPersistenceUnitInformation,31] - HHH000204: Processing PersistenceUnitInfo [name: default]
2020-04-14 10:00:28.604 [,] [main] INFO  c.z.h.HikariDataSource - [getConnection,110] - HikariPool-2 - Starting...
2020-04-14 10:00:31.205 [,] [main] INFO  c.z.h.HikariDataSource - [getConnection,123] - HikariPool-2 - Start completed.
2020-04-14 10:00:31.206 [,] [main] INFO  o.h.dialect.Dialect - [<init>,172] - HHH000400: Using dialect: org.hibernate.dialect.MySQL57Dialect
2020-04-14 10:00:32.250 [,] [main] INFO  o.h.e.t.j.p.i.JtaPlatformInitiator - [initiateService,52] - HHH000490: Using JtaPlatform implementation: [org.hibernate.engine.transaction.jta.platform.internal.NoJtaPlatform]
2020-04-14 10:00:32.392 [,] [main] INFO  c.n.c.s.URLConfigurationSource - [<init>,122] - To enable URLs as dynamic configuration sources, define System property archaius.configurationSource.additionalUrls or make config.properties available on classpath.
2020-04-14 10:00:33.978 [,] [main] INFO  c.z.h.HikariDataSource - [close,350] - HikariPool-2 - Shutdown initiated...
2020-04-14 10:00:36.496 [,] [main] INFO  c.z.h.HikariDataSource - [close,352] - HikariPool-2 - Shutdown completed.
2020-04-14 10:03:35.688 [,] [main] INFO  c.g.DemoGatewayApplicationTests - [logStartupProfileInfo,655] - The following profiles are active: app,db
2020-04-14 10:03:36.597 [,] [main] INFO  o.h.j.i.u.LogHelper - [logPersistenceUnitInformation,31] - HHH000204: Processing PersistenceUnitInfo [name: default]
2020-04-14 10:03:36.659 [,] [main] INFO  o.hibernate.Version - [logVersion,44] - HHH000412: Hibernate ORM core version 5.4.12.Final
2020-04-14 10:03:36.765 [,] [main] INFO  o.h.a.common.Version - [<clinit>,49] - HCANN000001: Hibernate Commons Annotations {5.1.0.Final}
2020-04-14 10:03:36.974 [,] [main] INFO  c.z.h.HikariDataSource - [getConnection,110] - HikariPool-1 - Starting...
2020-04-14 10:03:44.807 [,] [main] INFO  c.g.DemoGatewayApplicationTests - [logStartupProfileInfo,655] - The following profiles are active: app,db
2020-04-14 10:03:45.069 [,] [main] INFO  o.h.j.i.u.LogHelper - [logPersistenceUnitInformation,31] - HHH000204: Processing PersistenceUnitInfo [name: default]
2020-04-14 10:03:45.072 [,] [main] INFO  c.z.h.HikariDataSource - [getConnection,110] - HikariPool-2 - Starting...
2020-04-14 10:03:45.911 [,] [main] INFO  c.z.h.HikariDataSource - [getConnection,123] - HikariPool-2 - Start completed.
2020-04-14 10:03:45.945 [,] [main] INFO  o.h.dialect.Dialect - [<init>,172] - HHH000400: Using dialect: org.hibernate.dialect.MySQL57Dialect
2020-04-14 10:03:47.600 [,] [main] INFO  o.h.e.t.j.p.i.JtaPlatformInitiator - [initiateService,52] - HHH000490: Using JtaPlatform implementation: [org.hibernate.engine.transaction.jta.platform.internal.NoJtaPlatform]
2020-04-14 10:03:48.199 [,] [main] INFO  c.n.c.s.URLConfigurationSource - [<init>,122] - To enable URLs as dynamic configuration sources, define System property archaius.configurationSource.additionalUrls or make config.properties available on classpath.
2020-04-14 10:03:48.204 [,] [main] INFO  c.n.c.s.URLConfigurationSource - [<init>,122] - To enable URLs as dynamic configuration sources, define System property archaius.configurationSource.additionalUrls or make config.properties available on classpath.
2020-04-14 10:03:50.265 [,] [main] INFO  c.z.h.HikariDataSource - [close,350] - HikariPool-2 - Shutdown initiated...
2020-04-14 10:03:53.067 [,] [main] INFO  c.z.h.HikariDataSource - [close,352] - HikariPool-2 - Shutdown completed.
2020-04-14 10:05:03.355 [,] [main] INFO  c.g.DemoGatewayApplicationTests - [logStartupProfileInfo,655] - The following profiles are active: app,db
2020-04-14 10:05:04.259 [,] [main] INFO  o.h.j.i.u.LogHelper - [logPersistenceUnitInformation,31] - HHH000204: Processing PersistenceUnitInfo [name: default]
2020-04-14 10:05:04.317 [,] [main] INFO  o.hibernate.Version - [logVersion,44] - HHH000412: Hibernate ORM core version 5.4.12.Final
2020-04-14 10:05:04.419 [,] [main] INFO  o.h.a.common.Version - [<clinit>,49] - HCANN000001: Hibernate Commons Annotations {5.1.0.Final}
2020-04-14 10:05:04.631 [,] [main] INFO  c.z.h.HikariDataSource - [getConnection,110] - HikariPool-1 - Starting...
2020-04-14 10:05:12.425 [,] [main] INFO  c.g.DemoGatewayApplicationTests - [logStartupProfileInfo,655] - The following profiles are active: app,db
2020-04-14 10:05:12.679 [,] [main] INFO  o.h.j.i.u.LogHelper - [logPersistenceUnitInformation,31] - HHH000204: Processing PersistenceUnitInfo [name: default]
2020-04-14 10:05:12.682 [,] [main] INFO  c.z.h.HikariDataSource - [getConnection,110] - HikariPool-2 - Starting...
2020-04-14 10:05:13.613 [,] [main] INFO  c.z.h.HikariDataSource - [getConnection,123] - HikariPool-2 - Start completed.
2020-04-14 10:05:13.633 [,] [main] INFO  o.h.dialect.Dialect - [<init>,172] - HHH000400: Using dialect: org.hibernate.dialect.MySQL57Dialect
2020-04-14 10:05:15.581 [,] [main] INFO  o.h.e.t.j.p.i.JtaPlatformInitiator - [initiateService,52] - HHH000490: Using JtaPlatform implementation: [org.hibernate.engine.transaction.jta.platform.internal.NoJtaPlatform]
2020-04-14 10:05:16.193 [,] [main] INFO  c.n.c.s.URLConfigurationSource - [<init>,122] - To enable URLs as dynamic configuration sources, define System property archaius.configurationSource.additionalUrls or make config.properties available on classpath.
2020-04-14 10:05:16.199 [,] [main] INFO  c.n.c.s.URLConfigurationSource - [<init>,122] - To enable URLs as dynamic configuration sources, define System property archaius.configurationSource.additionalUrls or make config.properties available on classpath.
2020-04-14 10:05:20.831 [,] [main] INFO  c.g.DemoGatewayApplicationTests - [logStarted,61] - Started DemoGatewayApplicationTests in 10.892 seconds (JVM running for 21.197)
2020-04-14 10:05:20.878 [,] [SpringContextShutdownHook] INFO  c.z.h.HikariDataSource - [close,350] - HikariPool-2 - Shutdown initiated...
2020-04-14 10:05:25.343 [,] [SpringContextShutdownHook] INFO  c.z.h.HikariDataSource - [close,352] - HikariPool-2 - Shutdown completed.
2020-04-14 10:05:32.109 [,] [main] INFO  c.g.DemoGatewayApplicationTests - [logStartupProfileInfo,655] - The following profiles are active: app,db
2020-04-14 10:05:33.049 [,] [main] INFO  o.h.j.i.u.LogHelper - [logPersistenceUnitInformation,31] - HHH000204: Processing PersistenceUnitInfo [name: default]
2020-04-14 10:05:33.118 [,] [main] INFO  o.hibernate.Version - [logVersion,44] - HHH000412: Hibernate ORM core version 5.4.12.Final
2020-04-14 10:05:33.224 [,] [main] INFO  o.h.a.common.Version - [<clinit>,49] - HCANN000001: Hibernate Commons Annotations {5.1.0.Final}
2020-04-14 10:05:33.439 [,] [main] INFO  c.z.h.HikariDataSource - [getConnection,110] - HikariPool-1 - Starting...
2020-04-14 10:05:41.274 [,] [main] INFO  c.g.DemoGatewayApplicationTests - [logStartupProfileInfo,655] - The following profiles are active: app,db
2020-04-14 10:05:41.532 [,] [main] INFO  o.h.j.i.u.LogHelper - [logPersistenceUnitInformation,31] - HHH000204: Processing PersistenceUnitInfo [name: default]
2020-04-14 10:05:41.536 [,] [main] INFO  c.z.h.HikariDataSource - [getConnection,110] - HikariPool-2 - Starting...
2020-04-14 10:05:42.403 [,] [main] INFO  c.z.h.HikariDataSource - [getConnection,123] - HikariPool-2 - Start completed.
2020-04-14 10:05:42.422 [,] [main] INFO  o.h.dialect.Dialect - [<init>,172] - HHH000400: Using dialect: org.hibernate.dialect.MySQL57Dialect
2020-04-14 10:05:44.118 [,] [main] INFO  o.h.e.t.j.p.i.JtaPlatformInitiator - [initiateService,52] - HHH000490: Using JtaPlatform implementation: [org.hibernate.engine.transaction.jta.platform.internal.NoJtaPlatform]
2020-04-14 10:05:44.734 [,] [main] INFO  c.n.c.s.URLConfigurationSource - [<init>,122] - To enable URLs as dynamic configuration sources, define System property archaius.configurationSource.additionalUrls or make config.properties available on classpath.
2020-04-14 10:05:44.738 [,] [main] INFO  c.n.c.s.URLConfigurationSource - [<init>,122] - To enable URLs as dynamic configuration sources, define System property archaius.configurationSource.additionalUrls or make config.properties available on classpath.
2020-04-14 10:05:49.362 [,] [main] INFO  c.g.DemoGatewayApplicationTests - [logStarted,61] - Started DemoGatewayApplicationTests in 10.58 seconds (JVM running for 20.982)
2020-04-14 10:05:49.413 [,] [SpringContextShutdownHook] INFO  c.z.h.HikariDataSource - [close,350] - HikariPool-2 - Shutdown initiated...
2020-04-14 10:05:49.615 [,] [SpringContextShutdownHook] INFO  c.z.h.HikariDataSource - [close,352] - HikariPool-2 - Shutdown completed.
2020-04-14 10:07:08.918 [,] [main] INFO  c.g.DemoGatewayApplicationTests - [logStartupProfileInfo,655] - The following profiles are active: app,db
2020-04-14 10:07:09.825 [,] [main] INFO  o.h.j.i.u.LogHelper - [logPersistenceUnitInformation,31] - HHH000204: Processing PersistenceUnitInfo [name: default]
2020-04-14 10:07:09.886 [,] [main] INFO  o.hibernate.Version - [logVersion,44] - HHH000412: Hibernate ORM core version 5.4.12.Final
2020-04-14 10:07:09.990 [,] [main] INFO  o.h.a.common.Version - [<clinit>,49] - HCANN000001: Hibernate Commons Annotations {5.1.0.Final}
2020-04-14 10:07:10.199 [,] [main] INFO  c.z.h.HikariDataSource - [getConnection,110] - HikariPool-1 - Starting...
2020-04-14 10:07:18.009 [,] [main] INFO  c.g.DemoGatewayApplicationTests - [logStartupProfileInfo,655] - The following profiles are active: app,db
2020-04-14 10:07:18.263 [,] [main] INFO  o.h.j.i.u.LogHelper - [logPersistenceUnitInformation,31] - HHH000204: Processing PersistenceUnitInfo [name: default]
2020-04-14 10:07:18.267 [,] [main] INFO  c.z.h.HikariDataSource - [getConnection,110] - HikariPool-2 - Starting...
2020-04-14 10:08:12.026 [,] [main] INFO  c.g.DemoGatewayApplicationTests - [logStartupProfileInfo,655] - The following profiles are active: app,db
2020-04-14 10:08:12.948 [,] [main] INFO  o.h.j.i.u.LogHelper - [logPersistenceUnitInformation,31] - HHH000204: Processing PersistenceUnitInfo [name: default]
2020-04-14 10:08:13.008 [,] [main] INFO  o.hibernate.Version - [logVersion,44] - HHH000412: Hibernate ORM core version 5.4.12.Final
2020-04-14 10:08:13.118 [,] [main] INFO  o.h.a.common.Version - [<clinit>,49] - HCANN000001: Hibernate Commons Annotations {5.1.0.Final}
2020-04-14 10:08:13.330 [,] [main] INFO  c.z.h.HikariDataSource - [getConnection,110] - HikariPool-1 - Starting...
2020-04-14 10:08:21.149 [,] [main] INFO  c.g.DemoGatewayApplicationTests - [logStartupProfileInfo,655] - The following profiles are active: app,db
2020-04-14 10:08:21.416 [,] [main] INFO  o.h.j.i.u.LogHelper - [logPersistenceUnitInformation,31] - HHH000204: Processing PersistenceUnitInfo [name: default]
2020-04-14 10:08:21.419 [,] [main] INFO  c.z.h.HikariDataSource - [getConnection,110] - HikariPool-2 - Starting...
2020-04-14 10:09:59.226 [,] [main] INFO  c.g.DemoGatewayApplicationTests - [logStartupProfileInfo,655] - The following profiles are active: app,db
2020-04-14 10:10:00.178 [,] [main] INFO  o.h.j.i.u.LogHelper - [logPersistenceUnitInformation,31] - HHH000204: Processing PersistenceUnitInfo [name: default]
2020-04-14 10:10:00.248 [,] [main] INFO  o.hibernate.Version - [logVersion,44] - HHH000412: Hibernate ORM core version 5.4.12.Final
2020-04-14 10:10:00.354 [,] [main] INFO  o.h.a.common.Version - [<clinit>,49] - HCANN000001: Hibernate Commons Annotations {5.1.0.Final}
2020-04-14 10:10:00.569 [,] [main] INFO  c.z.h.HikariDataSource - [getConnection,110] - HikariPool-1 - Starting...
2020-04-14 10:10:08.392 [,] [main] INFO  c.g.DemoGatewayApplicationTests - [logStartupProfileInfo,655] - The following profiles are active: app,db
2020-04-14 10:10:08.683 [,] [main] INFO  o.h.j.i.u.LogHelper - [logPersistenceUnitInformation,31] - HHH000204: Processing PersistenceUnitInfo [name: default]
2020-04-14 10:10:08.687 [,] [main] INFO  c.z.h.HikariDataSource - [getConnection,110] - HikariPool-2 - Starting...
2020-04-14 10:10:38.208 [,] [main] INFO  c.g.DemoGatewayApplicationTests - [logStartupProfileInfo,655] - The following profiles are active: app,db
2020-04-14 10:10:39.215 [,] [main] INFO  o.h.j.i.u.LogHelper - [logPersistenceUnitInformation,31] - HHH000204: Processing PersistenceUnitInfo [name: default]
2020-04-14 10:10:39.287 [,] [main] INFO  o.hibernate.Version - [logVersion,44] - HHH000412: Hibernate ORM core version 5.4.12.Final
2020-04-14 10:10:39.399 [,] [main] INFO  o.h.a.common.Version - [<clinit>,49] - HCANN000001: Hibernate Commons Annotations {5.1.0.Final}
2020-04-14 10:10:39.626 [,] [main] INFO  c.z.h.HikariDataSource - [getConnection,110] - HikariPool-1 - Starting...
2020-04-14 10:10:40.624 [,] [main] INFO  c.z.h.HikariDataSource - [getConnection,123] - HikariPool-1 - Start completed.
2020-04-14 10:10:40.663 [,] [main] INFO  o.h.dialect.Dialect - [<init>,172] - HHH000400: Using dialect: org.hibernate.dialect.MySQL57Dialect
2020-04-14 10:10:42.366 [,] [main] INFO  o.h.e.t.j.p.i.JtaPlatformInitiator - [initiateService,52] - HHH000490: Using JtaPlatform implementation: [org.hibernate.engine.transaction.jta.platform.internal.NoJtaPlatform]
2020-04-14 10:10:43.064 [,] [main] INFO  c.n.c.s.URLConfigurationSource - [<init>,122] - To enable URLs as dynamic configuration sources, define System property archaius.configurationSource.additionalUrls or make config.properties available on classpath.
2020-04-14 10:10:43.069 [,] [main] INFO  c.n.c.s.URLConfigurationSource - [<init>,122] - To enable URLs as dynamic configuration sources, define System property archaius.configurationSource.additionalUrls or make config.properties available on classpath.
2020-04-14 10:10:47.938 [,] [main] INFO  c.g.DemoGatewayApplicationTests - [logStarted,61] - Started DemoGatewayApplicationTests in 12.664 seconds (JVM running for 13.551)
2020-04-14 10:10:48.254 [,] [SpringContextShutdownHook] INFO  c.z.h.HikariDataSource - [close,350] - HikariPool-1 - Shutdown initiated...
2020-04-14 10:10:49.861 [,] [SpringContextShutdownHook] INFO  c.z.h.HikariDataSource - [close,352] - HikariPool-1 - Shutdown completed.
2020-04-14 10:11:30.570 [,] [main] INFO  c.g.DemoGatewayApplicationTests - [logStartupProfileInfo,655] - The following profiles are active: app,db
2020-04-14 10:11:31.562 [,] [main] INFO  o.h.j.i.u.LogHelper - [logPersistenceUnitInformation,31] - HHH000204: Processing PersistenceUnitInfo [name: default]
2020-04-14 10:11:31.636 [,] [main] INFO  o.hibernate.Version - [logVersion,44] - HHH000412: Hibernate ORM core version 5.4.12.Final
2020-04-14 10:11:31.756 [,] [main] INFO  o.h.a.common.Version - [<clinit>,49] - HCANN000001: Hibernate Commons Annotations {5.1.0.Final}
2020-04-14 10:11:31.979 [,] [main] INFO  c.z.h.HikariDataSource - [getConnection,110] - HikariPool-1 - Starting...
2020-04-14 10:11:32.889 [,] [main] INFO  c.z.h.HikariDataSource - [getConnection,123] - HikariPool-1 - Start completed.
2020-04-14 10:11:32.917 [,] [main] INFO  o.h.dialect.Dialect - [<init>,172] - HHH000400: Using dialect: org.hibernate.dialect.MySQL57Dialect
2020-04-14 10:11:34.500 [,] [main] INFO  o.h.e.t.j.p.i.JtaPlatformInitiator - [initiateService,52] - HHH000490: Using JtaPlatform implementation: [org.hibernate.engine.transaction.jta.platform.internal.NoJtaPlatform]
2020-04-14 10:11:35.221 [,] [main] INFO  c.n.c.s.URLConfigurationSource - [<init>,122] - To enable URLs as dynamic configuration sources, define System property archaius.configurationSource.additionalUrls or make config.properties available on classpath.
2020-04-14 10:11:35.228 [,] [main] INFO  c.n.c.s.URLConfigurationSource - [<init>,122] - To enable URLs as dynamic configuration sources, define System property archaius.configurationSource.additionalUrls or make config.properties available on classpath.
2020-04-14 10:11:40.036 [,] [main] INFO  c.g.DemoGatewayApplicationTests - [logStarted,61] - Started DemoGatewayApplicationTests in 12.385 seconds (JVM running for 13.236)
2020-04-14 10:11:40.388 [,] [SpringContextShutdownHook] INFO  c.z.h.HikariDataSource - [close,350] - HikariPool-1 - Shutdown initiated...
2020-04-14 10:11:43.899 [,] [SpringContextShutdownHook] INFO  c.z.h.HikariDataSource - [close,352] - HikariPool-1 - Shutdown completed.
2020-04-14 10:16:21.015 [,] [main] INFO  c.g.DemoGatewayApplicationTests - [logStartupProfileInfo,655] - The following profiles are active: app,db
2020-04-14 10:16:21.951 [,] [main] INFO  o.h.j.i.u.LogHelper - [logPersistenceUnitInformation,31] - HHH000204: Processing PersistenceUnitInfo [name: default]
2020-04-14 10:16:22.015 [,] [main] INFO  o.hibernate.Version - [logVersion,44] - HHH000412: Hibernate ORM core version 5.4.12.Final
2020-04-14 10:16:22.121 [,] [main] INFO  o.h.a.common.Version - [<clinit>,49] - HCANN000001: Hibernate Commons Annotations {5.1.0.Final}
2020-04-14 10:16:22.337 [,] [main] INFO  c.z.h.HikariDataSource - [getConnection,110] - HikariPool-1 - Starting...
2020-04-14 10:16:30.139 [,] [main] INFO  c.g.DemoGatewayApplicationTests - [logStartupProfileInfo,655] - The following profiles are active: app,db
2020-04-14 10:16:30.404 [,] [main] INFO  o.h.j.i.u.LogHelper - [logPersistenceUnitInformation,31] - HHH000204: Processing PersistenceUnitInfo [name: default]
2020-04-14 10:16:30.408 [,] [main] INFO  c.z.h.HikariDataSource - [getConnection,110] - HikariPool-2 - Starting...
2020-04-14 10:17:54.609 [,] [main] INFO  c.g.DemoGatewayApplicationTests - [logStartupProfileInfo,655] - The following profiles are active: app,db
2020-04-14 10:17:55.556 [,] [main] INFO  o.h.j.i.u.LogHelper - [logPersistenceUnitInformation,31] - HHH000204: Processing PersistenceUnitInfo [name: default]
2020-04-14 10:17:55.621 [,] [main] INFO  o.hibernate.Version - [logVersion,44] - HHH000412: Hibernate ORM core version 5.4.12.Final
2020-04-14 10:17:55.731 [,] [main] INFO  o.h.a.common.Version - [<clinit>,49] - HCANN000001: Hibernate Commons Annotations {5.1.0.Final}
2020-04-14 10:17:55.946 [,] [main] INFO  c.z.h.HikariDataSource - [getConnection,110] - HikariPool-1 - Starting...
2020-04-14 10:17:56.943 [,] [main] INFO  c.z.h.HikariDataSource - [getConnection,123] - HikariPool-1 - Start completed.
2020-04-14 10:17:56.982 [,] [main] INFO  o.h.dialect.Dialect - [<init>,172] - HHH000400: Using dialect: org.hibernate.dialect.MySQL57Dialect
2020-04-14 10:17:58.781 [,] [main] INFO  o.h.e.t.j.p.i.JtaPlatformInitiator - [initiateService,52] - HHH000490: Using JtaPlatform implementation: [org.hibernate.engine.transaction.jta.platform.internal.NoJtaPlatform]
2020-04-14 10:17:59.502 [,] [main] INFO  c.n.c.s.URLConfigurationSource - [<init>,122] - To enable URLs as dynamic configuration sources, define System property archaius.configurationSource.additionalUrls or make config.properties available on classpath.
2020-04-14 10:17:59.507 [,] [main] INFO  c.n.c.s.URLConfigurationSource - [<init>,122] - To enable URLs as dynamic configuration sources, define System property archaius.configurationSource.additionalUrls or make config.properties available on classpath.
2020-04-14 10:18:04.224 [,] [main] INFO  c.g.DemoGatewayApplicationTests - [logStarted,61] - Started DemoGatewayApplicationTests in 12.606 seconds (JVM running for 13.479)
2020-04-14 10:18:04.557 [,] [SpringContextShutdownHook] INFO  c.z.h.HikariDataSource - [close,350] - HikariPool-1 - Shutdown initiated...
2020-04-14 10:18:06.082 [,] [SpringContextShutdownHook] INFO  c.z.h.HikariDataSource - [close,352] - HikariPool-1 - Shutdown completed.
2020-04-14 10:20:38.972 [,] [main] INFO  c.g.DemoGatewayApplicationTests - [logStartupProfileInfo,655] - The following profiles are active: app,db
2020-04-14 10:20:39.954 [,] [main] INFO  o.h.j.i.u.LogHelper - [logPersistenceUnitInformation,31] - HHH000204: Processing PersistenceUnitInfo [name: default]
2020-04-14 10:20:40.040 [,] [main] INFO  o.hibernate.Version - [logVersion,44] - HHH000412: Hibernate ORM core version 5.4.12.Final
2020-04-14 10:20:40.175 [,] [main] INFO  o.h.a.common.Version - [<clinit>,49] - HCANN000001: Hibernate Commons Annotations {5.1.0.Final}
2020-04-14 10:20:40.424 [,] [main] INFO  c.z.h.HikariDataSource - [getConnection,110] - HikariPool-1 - Starting...
2020-04-14 10:20:41.355 [,] [main] INFO  c.z.h.HikariDataSource - [getConnection,123] - HikariPool-1 - Start completed.
2020-04-14 10:20:41.379 [,] [main] INFO  o.h.dialect.Dialect - [<init>,172] - HHH000400: Using dialect: org.hibernate.dialect.MySQL57Dialect
2020-04-14 10:20:43.068 [,] [main] INFO  o.h.e.t.j.p.i.JtaPlatformInitiator - [initiateService,52] - HHH000490: Using JtaPlatform implementation: [org.hibernate.engine.transaction.jta.platform.internal.NoJtaPlatform]
2020-04-14 10:20:43.764 [,] [main] INFO  c.n.c.s.URLConfigurationSource - [<init>,122] - To enable URLs as dynamic configuration sources, define System property archaius.configurationSource.additionalUrls or make config.properties available on classpath.
2020-04-14 10:20:43.769 [,] [main] INFO  c.n.c.s.URLConfigurationSource - [<init>,122] - To enable URLs as dynamic configuration sources, define System property archaius.configurationSource.additionalUrls or make config.properties available on classpath.
2020-04-14 10:20:45.943 [,] [main] INFO  c.z.h.HikariDataSource - [close,350] - HikariPool-1 - Shutdown initiated...
2020-04-14 10:20:45.953 [,] [main] INFO  c.z.h.HikariDataSource - [close,352] - HikariPool-1 - Shutdown completed.
2020-04-14 10:20:48.478 [,] [main] INFO  c.g.DemoGatewayApplicationTests - [logStartupProfileInfo,655] - The following profiles are active: app,db
2020-04-14 10:20:48.777 [,] [main] INFO  o.h.j.i.u.LogHelper - [logPersistenceUnitInformation,31] - HHH000204: Processing PersistenceUnitInfo [name: default]
2020-04-14 10:20:48.783 [,] [main] INFO  c.z.h.HikariDataSource - [getConnection,110] - HikariPool-2 - Starting...
2020-04-14 10:20:49.351 [,] [main] INFO  c.z.h.HikariDataSource - [getConnection,123] - HikariPool-2 - Start completed.
2020-04-14 10:20:49.352 [,] [main] INFO  o.h.dialect.Dialect - [<init>,172] - HHH000400: Using dialect: org.hibernate.dialect.MySQL57Dialect
2020-04-14 10:20:50.536 [,] [main] INFO  o.h.e.t.j.p.i.JtaPlatformInitiator - [initiateService,52] - HHH000490: Using JtaPlatform implementation: [org.hibernate.engine.transaction.jta.platform.internal.NoJtaPlatform]
2020-04-14 10:20:50.682 [,] [main] INFO  c.n.c.s.URLConfigurationSource - [<init>,122] - To enable URLs as dynamic configuration sources, define System property archaius.configurationSource.additionalUrls or make config.properties available on classpath.
2020-04-14 10:20:52.301 [,] [main] INFO  c.z.h.HikariDataSource - [close,350] - HikariPool-2 - Shutdown initiated...
2020-04-14 10:20:52.443 [,] [main] INFO  c.z.h.HikariDataSource - [close,352] - HikariPool-2 - Shutdown completed.
2020-04-14 10:21:57.430 [,] [main] INFO  c.g.DemoGatewayApplicationTests - [logStartupProfileInfo,655] - The following profiles are active: app,db
2020-04-14 10:21:58.430 [,] [main] INFO  o.h.j.i.u.LogHelper - [logPersistenceUnitInformation,31] - HHH000204: Processing PersistenceUnitInfo [name: default]
2020-04-14 10:21:58.497 [,] [main] INFO  o.hibernate.Version - [logVersion,44] - HHH000412: Hibernate ORM core version 5.4.12.Final
2020-04-14 10:21:58.610 [,] [main] INFO  o.h.a.common.Version - [<clinit>,49] - HCANN000001: Hibernate Commons Annotations {5.1.0.Final}
2020-04-14 10:21:58.835 [,] [main] INFO  c.z.h.HikariDataSource - [getConnection,110] - HikariPool-1 - Starting...
2020-04-14 10:21:59.803 [,] [main] INFO  c.z.h.HikariDataSource - [getConnection,123] - HikariPool-1 - Start completed.
2020-04-14 10:21:59.844 [,] [main] INFO  o.h.dialect.Dialect - [<init>,172] - HHH000400: Using dialect: org.hibernate.dialect.MySQL57Dialect
2020-04-14 10:22:01.637 [,] [main] INFO  o.h.e.t.j.p.i.JtaPlatformInitiator - [initiateService,52] - HHH000490: Using JtaPlatform implementation: [org.hibernate.engine.transaction.jta.platform.internal.NoJtaPlatform]
2020-04-14 10:22:02.382 [,] [main] INFO  c.n.c.s.URLConfigurationSource - [<init>,122] - To enable URLs as dynamic configuration sources, define System property archaius.configurationSource.additionalUrls or make config.properties available on classpath.
2020-04-14 10:22:02.387 [,] [main] INFO  c.n.c.s.URLConfigurationSource - [<init>,122] - To enable URLs as dynamic configuration sources, define System property archaius.configurationSource.additionalUrls or make config.properties available on classpath.
2020-04-14 10:22:07.211 [,] [main] INFO  c.g.DemoGatewayApplicationTests - [logStarted,61] - Started DemoGatewayApplicationTests in 12.75 seconds (JVM running for 13.616)
2020-04-14 10:22:07.645 [,] [SpringContextShutdownHook] INFO  c.z.h.HikariDataSource - [close,350] - HikariPool-1 - Shutdown initiated...
2020-04-14 10:22:07.654 [,] [SpringContextShutdownHook] INFO  c.z.h.HikariDataSource - [close,352] - HikariPool-1 - Shutdown completed.
2020-04-14 10:23:05.161 [,] [main] INFO  c.g.DemoGatewayApplicationTests - [logStartupProfileInfo,655] - The following profiles are active: app,db
2020-04-14 10:23:06.195 [,] [main] INFO  o.h.j.i.u.LogHelper - [logPersistenceUnitInformation,31] - HHH000204: Processing PersistenceUnitInfo [name: default]
2020-04-14 10:23:06.266 [,] [main] INFO  o.hibernate.Version - [logVersion,44] - HHH000412: Hibernate ORM core version 5.4.12.Final
2020-04-14 10:23:06.379 [,] [main] INFO  o.h.a.common.Version - [<clinit>,49] - HCANN000001: Hibernate Commons Annotations {5.1.0.Final}
2020-04-14 10:23:06.595 [,] [main] INFO  c.z.h.HikariDataSource - [getConnection,110] - HikariPool-1 - Starting...
2020-04-14 10:23:07.424 [,] [main] INFO  c.z.h.HikariDataSource - [getConnection,123] - HikariPool-1 - Start completed.
2020-04-14 10:23:07.444 [,] [main] INFO  o.h.dialect.Dialect - [<init>,172] - HHH000400: Using dialect: org.hibernate.dialect.MySQL57Dialect
2020-04-14 10:23:08.951 [,] [main] INFO  o.h.e.t.j.p.i.JtaPlatformInitiator - [initiateService,52] - HHH000490: Using JtaPlatform implementation: [org.hibernate.engine.transaction.jta.platform.internal.NoJtaPlatform]
2020-04-14 10:23:09.624 [,] [main] INFO  c.n.c.s.URLConfigurationSource - [<init>,122] - To enable URLs as dynamic configuration sources, define System property archaius.configurationSource.additionalUrls or make config.properties available on classpath.
2020-04-14 10:23:09.629 [,] [main] INFO  c.n.c.s.URLConfigurationSource - [<init>,122] - To enable URLs as dynamic configuration sources, define System property archaius.configurationSource.additionalUrls or make config.properties available on classpath.
2020-04-14 10:23:14.274 [,] [main] INFO  c.g.DemoGatewayApplicationTests - [logStarted,61] - Started DemoGatewayApplicationTests in 11.987 seconds (JVM running for 12.84)
2020-04-14 10:23:14.639 [,] [SpringContextShutdownHook] INFO  c.z.h.HikariDataSource - [close,350] - HikariPool-1 - Shutdown initiated...
2020-04-14 10:23:14.648 [,] [SpringContextShutdownHook] INFO  c.z.h.HikariDataSource - [close,352] - HikariPool-1 - Shutdown completed.
2020-04-14 10:43:01.013 [,] [main] INFO  c.g.DemoGatewayApplicationTests - [logStartupProfileInfo,655] - The following profiles are active: app,db
2020-04-14 10:43:01.915 [,] [main] INFO  o.h.j.i.u.LogHelper - [logPersistenceUnitInformation,31] - HHH000204: Processing PersistenceUnitInfo [name: default]
2020-04-14 10:43:01.975 [,] [main] INFO  o.hibernate.Version - [logVersion,44] - HHH000412: Hibernate ORM core version 5.4.12.Final
2020-04-14 10:43:02.080 [,] [main] INFO  o.h.a.common.Version - [<clinit>,49] - HCANN000001: Hibernate Commons Annotations {5.1.0.Final}
2020-04-14 10:43:02.292 [,] [main] INFO  c.z.h.HikariDataSource - [getConnection,110] - HikariPool-1 - Starting...
2020-04-14 10:43:03.181 [,] [main] INFO  c.z.h.HikariDataSource - [getConnection,123] - HikariPool-1 - Start completed.
2020-04-14 10:43:03.204 [,] [main] INFO  o.h.dialect.Dialect - [<init>,172] - HHH000400: Using dialect: org.hibernate.dialect.MySQL57Dialect
2020-04-14 10:43:04.816 [,] [main] INFO  o.h.e.t.j.p.i.JtaPlatformInitiator - [initiateService,52] - HHH000490: Using JtaPlatform implementation: [org.hibernate.engine.transaction.jta.platform.internal.NoJtaPlatform]
2020-04-14 10:43:05.484 [,] [main] INFO  c.n.c.s.URLConfigurationSource - [<init>,122] - To enable URLs as dynamic configuration sources, define System property archaius.configurationSource.additionalUrls or make config.properties available on classpath.
2020-04-14 10:43:05.489 [,] [main] INFO  c.n.c.s.URLConfigurationSource - [<init>,122] - To enable URLs as dynamic configuration sources, define System property archaius.configurationSource.additionalUrls or make config.properties available on classpath.
2020-04-14 10:43:10.089 [,] [main] INFO  c.g.DemoGatewayApplicationTests - [logStarted,61] - Started DemoGatewayApplicationTests in 11.956 seconds (JVM running for 12.728)
2020-04-14 10:43:10.491 [,] [SpringContextShutdownHook] INFO  c.z.h.HikariDataSource - [close,350] - HikariPool-1 - Shutdown initiated...
2020-04-14 10:43:10.499 [,] [SpringContextShutdownHook] INFO  c.z.h.HikariDataSource - [close,352] - HikariPool-1 - Shutdown completed.
2020-04-14 20:19:43.286 [,] [main] INFO  c.g.DemoGatewayApplicationTests - [logStartupProfileInfo,655] - The following profiles are active: app,db
2020-04-14 20:19:44.352 [,] [main] INFO  o.h.j.i.u.LogHelper - [logPersistenceUnitInformation,31] - HHH000204: Processing PersistenceUnitInfo [name: default]
2020-04-14 20:19:44.414 [,] [main] INFO  o.hibernate.Version - [logVersion,44] - HHH000412: Hibernate ORM core version 5.4.12.Final
2020-04-14 20:19:44.519 [,] [main] INFO  o.h.a.common.Version - [<clinit>,49] - HCANN000001: Hibernate Commons Annotations {5.1.0.Final}
2020-04-14 20:19:44.741 [,] [main] INFO  c.z.h.HikariDataSource - [getConnection,110] - HikariPool-1 - Starting...
2020-04-14 20:19:45.951 [,] [main] INFO  c.z.h.HikariDataSource - [getConnection,123] - HikariPool-1 - Start completed.
2020-04-14 20:19:45.971 [,] [main] INFO  o.h.dialect.Dialect - [<init>,172] - HHH000400: Using dialect: org.hibernate.dialect.MySQL57Dialect
2020-04-14 20:19:48.105 [,] [main] INFO  o.h.e.t.j.p.i.JtaPlatformInitiator - [initiateService,52] - HHH000490: Using JtaPlatform implementation: [org.hibernate.engine.transaction.jta.platform.internal.NoJtaPlatform]
2020-04-14 20:19:48.906 [,] [main] INFO  c.n.c.s.URLConfigurationSource - [<init>,122] - To enable URLs as dynamic configuration sources, define System property archaius.configurationSource.additionalUrls or make config.properties available on classpath.
2020-04-14 20:19:48.910 [,] [main] INFO  c.n.c.s.URLConfigurationSource - [<init>,122] - To enable URLs as dynamic configuration sources, define System property archaius.configurationSource.additionalUrls or make config.properties available on classpath.
2020-04-14 20:19:53.624 [,] [main] INFO  c.g.DemoGatewayApplicationTests - [logStarted,61] - Started DemoGatewayApplicationTests in 13.227 seconds (JVM running for 13.997)
2020-04-14 20:19:53.673 [,] [main] INFO  c.g.DemoGatewayApplicationTests - [testCache,213] - 
2020-04-14 20:19:53.710 [,] [SpringContextShutdownHook] INFO  c.n.c.s.URLConfigurationSource - [<init>,122] - To enable URLs as dynamic configuration sources, define System property archaius.configurationSource.additionalUrls or make config.properties available on classpath.
2020-04-14 20:19:53.713 [,] [SpringContextShutdownHook] INFO  c.z.h.HikariDataSource - [close,350] - HikariPool-1 - Shutdown initiated...
2020-04-14 20:19:53.722 [,] [SpringContextShutdownHook] INFO  c.z.h.HikariDataSource - [close,352] - HikariPool-1 - Shutdown completed.
2020-04-14 20:22:08.594 [,] [main] INFO  c.g.DemoGatewayApplicationTests - [logStartupProfileInfo,655] - The following profiles are active: app,db
2020-04-14 20:22:09.624 [,] [main] INFO  o.h.j.i.u.LogHelper - [logPersistenceUnitInformation,31] - HHH000204: Processing PersistenceUnitInfo [name: default]
2020-04-14 20:22:09.688 [,] [main] INFO  o.hibernate.Version - [logVersion,44] - HHH000412: Hibernate ORM core version 5.4.12.Final
2020-04-14 20:22:09.793 [,] [main] INFO  o.h.a.common.Version - [<clinit>,49] - HCANN000001: Hibernate Commons Annotations {5.1.0.Final}
2020-04-14 20:22:10.020 [,] [main] INFO  c.z.h.HikariDataSource - [getConnection,110] - HikariPool-1 - Starting...
2020-04-14 20:22:10.976 [,] [main] INFO  c.z.h.HikariDataSource - [getConnection,123] - HikariPool-1 - Start completed.
2020-04-14 20:22:11.001 [,] [main] INFO  o.h.dialect.Dialect - [<init>,172] - HHH000400: Using dialect: org.hibernate.dialect.MySQL57Dialect
2020-04-14 20:22:12.773 [,] [main] INFO  o.h.e.t.j.p.i.JtaPlatformInitiator - [initiateService,52] - HHH000490: Using JtaPlatform implementation: [org.hibernate.engine.transaction.jta.platform.internal.NoJtaPlatform]
2020-04-14 20:22:13.546 [,] [main] INFO  c.n.c.s.URLConfigurationSource - [<init>,122] - To enable URLs as dynamic configuration sources, define System property archaius.configurationSource.additionalUrls or make config.properties available on classpath.
2020-04-14 20:22:13.552 [,] [main] INFO  c.n.c.s.URLConfigurationSource - [<init>,122] - To enable URLs as dynamic configuration sources, define System property archaius.configurationSource.additionalUrls or make config.properties available on classpath.
2020-04-14 20:22:18.330 [,] [main] INFO  c.g.DemoGatewayApplicationTests - [logStarted,61] - Started DemoGatewayApplicationTests in 12.64 seconds (JVM running for 13.45)
2020-04-14 20:22:18.377 [,] [main] INFO  c.g.DemoGatewayApplicationTests - [testCache,213] - 
2020-04-14 20:22:18.378 [,] [main] INFO  c.g.DemoGatewayApplicationTests - [testCache,218] - {userName=userName, userId=userId}
2020-04-14 20:22:18.405 [,] [SpringContextShutdownHook] INFO  c.n.c.s.URLConfigurationSource - [<init>,122] - To enable URLs as dynamic configuration sources, define System property archaius.configurationSource.additionalUrls or make config.properties available on classpath.
2020-04-14 20:22:18.409 [,] [SpringContextShutdownHook] INFO  c.z.h.HikariDataSource - [close,350] - HikariPool-1 - Shutdown initiated...
2020-04-14 20:22:18.417 [,] [SpringContextShutdownHook] INFO  c.z.h.HikariDataSource - [close,352] - HikariPool-1 - Shutdown completed.
2020-04-14 20:23:58.866 [,] [main] INFO  c.g.DemoGatewayApplicationTests - [logStartupProfileInfo,655] - The following profiles are active: app,db
2020-04-14 20:23:59.903 [,] [main] INFO  o.h.j.i.u.LogHelper - [logPersistenceUnitInformation,31] - HHH000204: Processing PersistenceUnitInfo [name: default]
2020-04-14 20:23:59.979 [,] [main] INFO  o.hibernate.Version - [logVersion,44] - HHH000412: Hibernate ORM core version 5.4.12.Final
2020-04-14 20:24:00.101 [,] [main] INFO  o.h.a.common.Version - [<clinit>,49] - HCANN000001: Hibernate Commons Annotations {5.1.0.Final}
2020-04-14 20:24:00.336 [,] [main] INFO  c.z.h.HikariDataSource - [getConnection,110] - HikariPool-1 - Starting...
2020-04-14 20:24:01.218 [,] [main] INFO  c.z.h.HikariDataSource - [getConnection,123] - HikariPool-1 - Start completed.
2020-04-14 20:24:01.236 [,] [main] INFO  o.h.dialect.Dialect - [<init>,172] - HHH000400: Using dialect: org.hibernate.dialect.MySQL57Dialect
2020-04-14 20:24:02.828 [,] [main] INFO  o.h.e.t.j.p.i.JtaPlatformInitiator - [initiateService,52] - HHH000490: Using JtaPlatform implementation: [org.hibernate.engine.transaction.jta.platform.internal.NoJtaPlatform]
2020-04-14 20:24:03.568 [,] [main] INFO  c.n.c.s.URLConfigurationSource - [<init>,122] - To enable URLs as dynamic configuration sources, define System property archaius.configurationSource.additionalUrls or make config.properties available on classpath.
2020-04-14 20:24:03.572 [,] [main] INFO  c.n.c.s.URLConfigurationSource - [<init>,122] - To enable URLs as dynamic configuration sources, define System property archaius.configurationSource.additionalUrls or make config.properties available on classpath.
2020-04-14 20:24:08.368 [,] [main] INFO  c.g.DemoGatewayApplicationTests - [logStarted,61] - Started DemoGatewayApplicationTests in 12.414 seconds (JVM running for 13.233)
2020-04-14 20:24:08.412 [,] [main] INFO  c.g.DemoGatewayApplicationTests - [testCache,213] - 
2020-04-14 20:24:08.413 [,] [main] INFO  c.g.DemoGatewayApplicationTests - [testCache,218] - {userName=userName, userId=userId}
2020-04-14 20:24:08.441 [,] [SpringContextShutdownHook] INFO  c.n.c.s.URLConfigurationSource - [<init>,122] - To enable URLs as dynamic configuration sources, define System property archaius.configurationSource.additionalUrls or make config.properties available on classpath.
2020-04-14 20:24:08.444 [,] [SpringContextShutdownHook] INFO  c.z.h.HikariDataSource - [close,350] - HikariPool-1 - Shutdown initiated...
2020-04-14 20:24:08.451 [,] [SpringContextShutdownHook] INFO  c.z.h.HikariDataSource - [close,352] - HikariPool-1 - Shutdown completed.
