2020-04-09 19:40:00.668 [,] [reactor-http-nio-2] ERROR c.g.u.f.PowerCheckFilter - [filter,49] - 网关--权限认证失败！{}RequestLine annotation didn't start with an HTTP verb on method authCheck.
2020-04-09 19:42:00.256 [,] [reactor-http-nio-2] ERROR c.g.u.f.PowerCheckFilter - [filter,49] - 网关--权限认证失败！{}Method has too many Body parameters: public abstract java.lang.Object com.gateway.util.interfaces.FeignService.authCheck(java.lang.String,java.lang.String)
2020-04-09 19:43:17.778 [,] [reactor-http-nio-2] ERROR c.g.u.f.PowerCheckFilter - [filter,49] - 网关--权限认证失败！{}Method authCheck not annotated with HTTP method type (ex. GET, POST)
2020-04-09 19:43:46.090 [,] [reactor-http-nio-2] ERROR c.g.u.f.PowerCheckFilter - [filter,49] - 网关--权限认证失败！{}Method authCheck not annotated with HTTP method type (ex. GET, POST)
2020-04-09 19:50:16.593 [,] [reactor-http-nio-2] ERROR c.g.u.f.PowerCheckFilter - [filter,49] - 网关--权限认证失败！{}RequestLine annotation didn't start with an HTTP verb on method buti.
2020-04-09 19:51:44.439 [,] [reactor-http-nio-2] ERROR c.g.u.f.PowerCheckFilter - [filter,50] - 网关--权限认证失败！{}Method has too many Body parameters: public abstract java.lang.String com.gateway.util.interfaces.FeignService.buti(java.lang.String,java.lang.String)
2020-04-09 20:02:44.307 [,] [reactor-http-nio-2] ERROR c.g.u.f.PowerCheckFilter - [filter,53] - 网关--权限认证失败！{}class java.util.LinkedHashMap is not a type supported by this encoder.
2020-04-09 20:04:08.862 [,] [reactor-http-nio-2] ERROR c.g.u.f.PowerCheckFilter - [filter,53] - 网关--权限认证失败！{}class java.util.LinkedHashMap is not a type supported by this encoder.
2020-04-09 20:07:28.624 [,] [reactor-http-nio-2] ERROR c.g.u.f.PowerCheckFilter - [filter,53] - 网关--权限认证失败！{}class java.util.LinkedHashMap is not a type supported by this encoder.
2020-04-09 20:09:08.709 [,] [reactor-http-nio-2] ERROR c.g.u.f.PowerCheckFilter - [filter,53] - 网关--权限认证失败！{}Method has too many Body parameters: public abstract java.lang.String com.gateway.util.interfaces.FeignService.buti(java.lang.String,java.lang.String)
2020-04-09 20:09:51.484 [,] [reactor-http-nio-2] ERROR c.g.u.f.PowerCheckFilter - [filter,53] - 网关--权限认证失败！{}Method has too many Body parameters: public abstract java.lang.String com.gateway.util.interfaces.FeignService.buti(java.lang.String,java.lang.String)
2020-04-09 20:11:49.417 [,] [reactor-http-nio-2] ERROR c.g.u.f.PowerCheckFilter - [filter,53] - 网关--权限认证失败！{}Method has too many Body parameters: public abstract java.lang.String com.gateway.util.interfaces.FeignService.buti(java.lang.String,java.lang.String)
2020-04-09 20:12:45.010 [,] [reactor-http-nio-2] ERROR c.g.u.f.PowerCheckFilter - [filter,53] - 网关--权限认证失败！{}Method has too many Body parameters: public abstract java.lang.String com.gateway.util.interfaces.FeignService.buti(java.lang.String,java.lang.String)
2020-04-09 20:13:55.264 [,] [reactor-http-nio-2] ERROR c.g.u.f.PowerCheckFilter - [filter,53] - 网关--权限认证失败！{}Method buti not annotated with HTTP method type (ex. GET, POST)
2020-04-09 20:14:39.180 [,] [reactor-http-nio-2] ERROR c.g.u.f.PowerCheckFilter - [filter,53] - 网关--权限认证失败！{}Method buti not annotated with HTTP method type (ex. GET, POST)
2020-04-09 20:15:21.035 [,] [reactor-http-nio-2] ERROR c.g.u.f.PowerCheckFilter - [filter,53] - 网关--权限认证失败！{}Method buti not annotated with HTTP method type (ex. GET, POST)
2020-04-09 20:16:03.165 [,] [reactor-http-nio-2] ERROR c.g.u.f.PowerCheckFilter - [filter,53] - 网关--权限认证失败！{}Method has too many Body parameters: public abstract java.lang.String com.gateway.util.interfaces.FeignService.buti(java.lang.String,java.lang.String)
2020-04-09 20:18:00.929 [,] [reactor-http-nio-2] ERROR c.g.u.f.PowerCheckFilter - [filter,53] - 网关--权限认证失败！{}Method has too many Body parameters: public abstract java.lang.String com.gateway.util.interfaces.FeignService.buti(java.lang.String,java.lang.String)
2020-04-09 20:19:15.516 [,] [reactor-http-nio-2] ERROR c.g.u.f.PowerCheckFilter - [filter,53] - 网关--权限认证失败！{}Method has too many Body parameters: public abstract java.lang.String com.gateway.util.interfaces.FeignService.buti(java.lang.String,java.lang.String)
2020-04-09 20:19:56.631 [,] [reactor-http-nio-2] ERROR c.g.u.f.PowerCheckFilter - [filter,53] - 网关--权限认证失败！{}status 404 reading FeignService#buti(String,String); content:
{"timestamp":"2020-04-09T12:19:56.611+0000","status":404,"error":"Not Found","message":"No message available","path":"/myController/wo/buti/%E4%BD%A0%E7%9A%84/%E6%89%BF%E8%AF%BA"}
