2020-04-09 19:13:39.171 [,] [main] INFO  c.g.DemoGatewayApplication - [logStartupProfileInfo,651] - No active profile set, falling back to default profiles: default
2020-04-09 19:13:40.194 [,] [main] INFO  o.h.j.i.u.LogHelper - [logPersistenceUnitInformation,31] - HHH000204: Processing PersistenceUnitInfo [name: default]
2020-04-09 19:13:40.256 [,] [main] INFO  o.hibernate.Version - [logVersion,44] - HHH000412: Hibernate ORM core version 5.4.12.Final
2020-04-09 19:13:40.359 [,] [main] INFO  o.h.a.common.Version - [<clinit>,49] - HCANN000001: Hibernate Commons Annotations {5.1.0.Final}
2020-04-09 19:13:40.580 [,] [main] INFO  c.z.h.HikariDataSource - [getConnection,110] - HikariPool-1 - Starting...
2020-04-09 19:13:41.428 [,] [main] INFO  c.z.h.HikariDataSource - [getConnection,123] - HikariPool-1 - Start completed.
2020-04-09 19:13:41.445 [,] [main] INFO  o.h.dialect.Dialect - [<init>,172] - HHH000400: Using dialect: org.hibernate.dialect.MySQL57Dialect
2020-04-09 19:13:42.898 [,] [main] INFO  o.h.e.t.j.p.i.JtaPlatformInitiator - [initiateService,52] - HHH000490: Using JtaPlatform implementation: [org.hibernate.engine.transaction.jta.platform.internal.NoJtaPlatform]
2020-04-09 19:13:43.206 [,] [main] INFO  c.n.c.s.URLConfigurationSource - [<init>,122] - To enable URLs as dynamic configuration sources, define System property archaius.configurationSource.additionalUrls or make config.properties available on classpath.
2020-04-09 19:13:43.212 [,] [main] INFO  c.n.c.s.URLConfigurationSource - [<init>,122] - To enable URLs as dynamic configuration sources, define System property archaius.configurationSource.additionalUrls or make config.properties available on classpath.
2020-04-09 19:13:50.478 [,] [main] INFO  c.g.DemoGatewayApplication - [logStarted,61] - Started DemoGatewayApplication in 14.336 seconds (JVM running for 14.805)
2020-04-09 19:20:54.997 [,] [reactor-http-nio-2] INFO  c.g.u.f.PowerCheckFilter - [filter,46] - ===port: 8080
2020-04-09 19:20:54.997 [,] [reactor-http-nio-2] INFO  c.g.u.f.PowerCheckFilter - [filter,47] - ===Path:/love
2020-04-09 19:20:54.998 [,] [reactor-http-nio-2] INFO  c.g.u.f.PowerCheckFilter - [filter,48] - ===Post: localhost
2020-04-09 19:20:54.998 [,] [reactor-http-nio-2] INFO  c.g.u.f.PowerCheckFilter - [filter,50] - ===userInfo: null
2020-04-09 19:20:54.998 [,] [reactor-http-nio-2] INFO  c.g.u.f.PowerCheckFilter - [filter,52] - ==uri: http://localhost:8080/love
2020-04-09 19:21:11.990 [,] [reactor-http-nio-2] INFO  c.g.u.f.PowerCheckFilter - [filter,46] - ===port: 8080
2020-04-09 19:21:11.990 [,] [reactor-http-nio-2] INFO  c.g.u.f.PowerCheckFilter - [filter,47] - ===Path:/hello
2020-04-09 19:21:11.990 [,] [reactor-http-nio-2] INFO  c.g.u.f.PowerCheckFilter - [filter,48] - ===Post: localhost
2020-04-09 19:21:11.991 [,] [reactor-http-nio-2] INFO  c.g.u.f.PowerCheckFilter - [filter,50] - ===userInfo: null
2020-04-09 19:21:11.991 [,] [reactor-http-nio-2] INFO  c.g.u.f.PowerCheckFilter - [filter,52] - ==uri: http://localhost:8080/hello
2020-04-09 19:24:52.571 [,] [reactor-http-nio-2] INFO  c.g.u.f.PowerCheckFilter - [filter,46] - ===port: 8080
2020-04-09 19:24:52.571 [,] [reactor-http-nio-2] INFO  c.g.u.f.PowerCheckFilter - [filter,47] - ===Path:/love
2020-04-09 19:24:52.572 [,] [reactor-http-nio-2] INFO  c.g.u.f.PowerCheckFilter - [filter,48] - ===Post: localhost
2020-04-09 19:24:52.572 [,] [reactor-http-nio-2] INFO  c.g.u.f.PowerCheckFilter - [filter,50] - ===userInfo: null
2020-04-09 19:24:52.572 [,] [reactor-http-nio-2] INFO  c.g.u.f.PowerCheckFilter - [filter,52] - ==uri: http://localhost:8080/love
2020-04-09 19:25:09.950 [,] [main] INFO  c.g.DemoGatewayApplication - [logStartupProfileInfo,651] - No active profile set, falling back to default profiles: default
2020-04-09 19:25:10.886 [,] [main] INFO  o.h.j.i.u.LogHelper - [logPersistenceUnitInformation,31] - HHH000204: Processing PersistenceUnitInfo [name: default]
2020-04-09 19:25:10.944 [,] [main] INFO  o.hibernate.Version - [logVersion,44] - HHH000412: Hibernate ORM core version 5.4.12.Final
2020-04-09 19:25:11.046 [,] [main] INFO  o.h.a.common.Version - [<clinit>,49] - HCANN000001: Hibernate Commons Annotations {5.1.0.Final}
2020-04-09 19:25:11.254 [,] [main] INFO  c.z.h.HikariDataSource - [getConnection,110] - HikariPool-1 - Starting...
2020-04-09 19:25:12.022 [,] [main] INFO  c.z.h.HikariDataSource - [getConnection,123] - HikariPool-1 - Start completed.
2020-04-09 19:25:12.039 [,] [main] INFO  o.h.dialect.Dialect - [<init>,172] - HHH000400: Using dialect: org.hibernate.dialect.MySQL57Dialect
2020-04-09 19:25:13.308 [,] [main] INFO  o.h.e.t.j.p.i.JtaPlatformInitiator - [initiateService,52] - HHH000490: Using JtaPlatform implementation: [org.hibernate.engine.transaction.jta.platform.internal.NoJtaPlatform]
2020-04-09 19:25:13.617 [,] [main] INFO  c.n.c.s.URLConfigurationSource - [<init>,122] - To enable URLs as dynamic configuration sources, define System property archaius.configurationSource.additionalUrls or make config.properties available on classpath.
2020-04-09 19:25:13.621 [,] [main] INFO  c.n.c.s.URLConfigurationSource - [<init>,122] - To enable URLs as dynamic configuration sources, define System property archaius.configurationSource.additionalUrls or make config.properties available on classpath.
2020-04-09 19:25:20.795 [,] [main] INFO  c.g.DemoGatewayApplication - [logStarted,61] - Started DemoGatewayApplication in 13.875 seconds (JVM running for 14.363)
2020-04-09 19:25:27.880 [,] [reactor-http-nio-2] INFO  c.g.u.f.PowerCheckFilter - [filter,46] - ===port: 8080
2020-04-09 19:25:27.880 [,] [reactor-http-nio-2] INFO  c.g.u.f.PowerCheckFilter - [filter,47] - ===Path:/love
2020-04-09 19:25:27.880 [,] [reactor-http-nio-2] INFO  c.g.u.f.PowerCheckFilter - [filter,48] - ===Post: localhost
2020-04-09 19:25:27.880 [,] [reactor-http-nio-2] INFO  c.g.u.f.PowerCheckFilter - [filter,51] - ===userInfo: null
2020-04-09 19:25:27.881 [,] [reactor-http-nio-2] INFO  c.g.u.f.PowerCheckFilter - [filter,53] - ==uri: http://localhost:8080/love
2020-04-09 19:29:32.212 [,] [main] INFO  c.g.DemoGatewayApplication - [logStartupProfileInfo,651] - No active profile set, falling back to default profiles: default
2020-04-09 19:29:33.262 [,] [main] INFO  o.h.j.i.u.LogHelper - [logPersistenceUnitInformation,31] - HHH000204: Processing PersistenceUnitInfo [name: default]
2020-04-09 19:29:33.340 [,] [main] INFO  o.hibernate.Version - [logVersion,44] - HHH000412: Hibernate ORM core version 5.4.12.Final
2020-04-09 19:29:33.476 [,] [main] INFO  o.h.a.common.Version - [<clinit>,49] - HCANN000001: Hibernate Commons Annotations {5.1.0.Final}
2020-04-09 19:29:33.686 [,] [main] INFO  c.z.h.HikariDataSource - [getConnection,110] - HikariPool-1 - Starting...
2020-04-09 19:29:34.547 [,] [main] INFO  c.z.h.HikariDataSource - [getConnection,123] - HikariPool-1 - Start completed.
2020-04-09 19:29:34.564 [,] [main] INFO  o.h.dialect.Dialect - [<init>,172] - HHH000400: Using dialect: org.hibernate.dialect.MySQL57Dialect
2020-04-09 19:29:35.956 [,] [main] INFO  o.h.e.t.j.p.i.JtaPlatformInitiator - [initiateService,52] - HHH000490: Using JtaPlatform implementation: [org.hibernate.engine.transaction.jta.platform.internal.NoJtaPlatform]
2020-04-09 19:29:36.250 [,] [main] INFO  c.n.c.s.URLConfigurationSource - [<init>,122] - To enable URLs as dynamic configuration sources, define System property archaius.configurationSource.additionalUrls or make config.properties available on classpath.
2020-04-09 19:29:36.255 [,] [main] INFO  c.n.c.s.URLConfigurationSource - [<init>,122] - To enable URLs as dynamic configuration sources, define System property archaius.configurationSource.additionalUrls or make config.properties available on classpath.
2020-04-09 19:29:43.404 [,] [main] INFO  c.g.DemoGatewayApplication - [logStarted,61] - Started DemoGatewayApplication in 14.192 seconds (JVM running for 14.664)
2020-04-09 19:39:43.531 [,] [main] INFO  c.g.DemoGatewayApplication - [logStartupProfileInfo,651] - No active profile set, falling back to default profiles: default
2020-04-09 19:39:44.515 [,] [main] INFO  o.h.j.i.u.LogHelper - [logPersistenceUnitInformation,31] - HHH000204: Processing PersistenceUnitInfo [name: default]
2020-04-09 19:39:44.572 [,] [main] INFO  o.hibernate.Version - [logVersion,44] - HHH000412: Hibernate ORM core version 5.4.12.Final
2020-04-09 19:39:44.680 [,] [main] INFO  o.h.a.common.Version - [<clinit>,49] - HCANN000001: Hibernate Commons Annotations {5.1.0.Final}
2020-04-09 19:39:44.892 [,] [main] INFO  c.z.h.HikariDataSource - [getConnection,110] - HikariPool-1 - Starting...
2020-04-09 19:39:45.756 [,] [main] INFO  c.z.h.HikariDataSource - [getConnection,123] - HikariPool-1 - Start completed.
2020-04-09 19:39:45.782 [,] [main] INFO  o.h.dialect.Dialect - [<init>,172] - HHH000400: Using dialect: org.hibernate.dialect.MySQL57Dialect
2020-04-09 19:39:47.129 [,] [main] INFO  o.h.e.t.j.p.i.JtaPlatformInitiator - [initiateService,52] - HHH000490: Using JtaPlatform implementation: [org.hibernate.engine.transaction.jta.platform.internal.NoJtaPlatform]
2020-04-09 19:39:47.454 [,] [main] INFO  c.n.c.s.URLConfigurationSource - [<init>,122] - To enable URLs as dynamic configuration sources, define System property archaius.configurationSource.additionalUrls or make config.properties available on classpath.
2020-04-09 19:39:47.458 [,] [main] INFO  c.n.c.s.URLConfigurationSource - [<init>,122] - To enable URLs as dynamic configuration sources, define System property archaius.configurationSource.additionalUrls or make config.properties available on classpath.
2020-04-09 19:39:54.698 [,] [main] INFO  c.g.DemoGatewayApplication - [logStarted,61] - Started DemoGatewayApplication in 14.183 seconds (JVM running for 14.667)
2020-04-09 19:40:55.857 [,] [main] INFO  c.g.DemoGatewayApplication - [logStartupProfileInfo,651] - No active profile set, falling back to default profiles: default
2020-04-09 19:40:56.912 [,] [main] INFO  o.h.j.i.u.LogHelper - [logPersistenceUnitInformation,31] - HHH000204: Processing PersistenceUnitInfo [name: default]
2020-04-09 19:40:56.971 [,] [main] INFO  o.hibernate.Version - [logVersion,44] - HHH000412: Hibernate ORM core version 5.4.12.Final
2020-04-09 19:40:57.076 [,] [main] INFO  o.h.a.common.Version - [<clinit>,49] - HCANN000001: Hibernate Commons Annotations {5.1.0.Final}
2020-04-09 19:40:57.293 [,] [main] INFO  c.z.h.HikariDataSource - [getConnection,110] - HikariPool-1 - Starting...
2020-04-09 19:40:58.145 [,] [main] INFO  c.z.h.HikariDataSource - [getConnection,123] - HikariPool-1 - Start completed.
2020-04-09 19:40:58.162 [,] [main] INFO  o.h.dialect.Dialect - [<init>,172] - HHH000400: Using dialect: org.hibernate.dialect.MySQL57Dialect
2020-04-09 19:40:59.599 [,] [main] INFO  o.h.e.t.j.p.i.JtaPlatformInitiator - [initiateService,52] - HHH000490: Using JtaPlatform implementation: [org.hibernate.engine.transaction.jta.platform.internal.NoJtaPlatform]
2020-04-09 19:41:00.016 [,] [main] INFO  c.n.c.s.URLConfigurationSource - [<init>,122] - To enable URLs as dynamic configuration sources, define System property archaius.configurationSource.additionalUrls or make config.properties available on classpath.
2020-04-09 19:41:00.022 [,] [main] INFO  c.n.c.s.URLConfigurationSource - [<init>,122] - To enable URLs as dynamic configuration sources, define System property archaius.configurationSource.additionalUrls or make config.properties available on classpath.
2020-04-09 19:41:07.214 [,] [main] INFO  c.g.DemoGatewayApplication - [logStarted,61] - Started DemoGatewayApplication in 14.425 seconds (JVM running for 14.927)
2020-04-09 19:41:47.389 [,] [main] INFO  c.g.DemoGatewayApplication - [logStartupProfileInfo,651] - No active profile set, falling back to default profiles: default
2020-04-09 19:41:48.370 [,] [main] INFO  o.h.j.i.u.LogHelper - [logPersistenceUnitInformation,31] - HHH000204: Processing PersistenceUnitInfo [name: default]
2020-04-09 19:41:48.425 [,] [main] INFO  o.hibernate.Version - [logVersion,44] - HHH000412: Hibernate ORM core version 5.4.12.Final
2020-04-09 19:41:48.527 [,] [main] INFO  o.h.a.common.Version - [<clinit>,49] - HCANN000001: Hibernate Commons Annotations {5.1.0.Final}
2020-04-09 19:41:48.736 [,] [main] INFO  c.z.h.HikariDataSource - [getConnection,110] - HikariPool-1 - Starting...
2020-04-09 19:41:49.605 [,] [main] INFO  c.z.h.HikariDataSource - [getConnection,123] - HikariPool-1 - Start completed.
2020-04-09 19:41:49.623 [,] [main] INFO  o.h.dialect.Dialect - [<init>,172] - HHH000400: Using dialect: org.hibernate.dialect.MySQL57Dialect
2020-04-09 19:41:51.018 [,] [main] INFO  o.h.e.t.j.p.i.JtaPlatformInitiator - [initiateService,52] - HHH000490: Using JtaPlatform implementation: [org.hibernate.engine.transaction.jta.platform.internal.NoJtaPlatform]
2020-04-09 19:41:51.329 [,] [main] INFO  c.n.c.s.URLConfigurationSource - [<init>,122] - To enable URLs as dynamic configuration sources, define System property archaius.configurationSource.additionalUrls or make config.properties available on classpath.
2020-04-09 19:41:51.334 [,] [main] INFO  c.n.c.s.URLConfigurationSource - [<init>,122] - To enable URLs as dynamic configuration sources, define System property archaius.configurationSource.additionalUrls or make config.properties available on classpath.
2020-04-09 19:41:58.559 [,] [main] INFO  c.g.DemoGatewayApplication - [logStarted,61] - Started DemoGatewayApplication in 14.23 seconds (JVM running for 14.714)
2020-04-09 19:43:07.559 [,] [main] INFO  c.g.DemoGatewayApplication - [logStartupProfileInfo,651] - No active profile set, falling back to default profiles: default
2020-04-09 19:43:08.578 [,] [main] INFO  o.h.j.i.u.LogHelper - [logPersistenceUnitInformation,31] - HHH000204: Processing PersistenceUnitInfo [name: default]
2020-04-09 19:43:08.639 [,] [main] INFO  o.hibernate.Version - [logVersion,44] - HHH000412: Hibernate ORM core version 5.4.12.Final
2020-04-09 19:43:08.748 [,] [main] INFO  o.h.a.common.Version - [<clinit>,49] - HCANN000001: Hibernate Commons Annotations {5.1.0.Final}
2020-04-09 19:43:08.960 [,] [main] INFO  c.z.h.HikariDataSource - [getConnection,110] - HikariPool-1 - Starting...
2020-04-09 19:43:09.963 [,] [main] INFO  c.z.h.HikariDataSource - [getConnection,123] - HikariPool-1 - Start completed.
2020-04-09 19:43:09.987 [,] [main] INFO  o.h.dialect.Dialect - [<init>,172] - HHH000400: Using dialect: org.hibernate.dialect.MySQL57Dialect
2020-04-09 19:43:11.560 [,] [main] INFO  o.h.e.t.j.p.i.JtaPlatformInitiator - [initiateService,52] - HHH000490: Using JtaPlatform implementation: [org.hibernate.engine.transaction.jta.platform.internal.NoJtaPlatform]
2020-04-09 19:43:11.886 [,] [main] INFO  c.n.c.s.URLConfigurationSource - [<init>,122] - To enable URLs as dynamic configuration sources, define System property archaius.configurationSource.additionalUrls or make config.properties available on classpath.
2020-04-09 19:43:11.891 [,] [main] INFO  c.n.c.s.URLConfigurationSource - [<init>,122] - To enable URLs as dynamic configuration sources, define System property archaius.configurationSource.additionalUrls or make config.properties available on classpath.
2020-04-09 19:43:19.198 [,] [main] INFO  c.g.DemoGatewayApplication - [logStarted,61] - Started DemoGatewayApplication in 14.696 seconds (JVM running for 15.171)
2020-04-09 19:43:35.029 [,] [main] INFO  c.g.DemoGatewayApplication - [logStartupProfileInfo,651] - No active profile set, falling back to default profiles: default
2020-04-09 19:43:35.985 [,] [main] INFO  o.h.j.i.u.LogHelper - [logPersistenceUnitInformation,31] - HHH000204: Processing PersistenceUnitInfo [name: default]
2020-04-09 19:43:36.045 [,] [main] INFO  o.hibernate.Version - [logVersion,44] - HHH000412: Hibernate ORM core version 5.4.12.Final
2020-04-09 19:43:36.143 [,] [main] INFO  o.h.a.common.Version - [<clinit>,49] - HCANN000001: Hibernate Commons Annotations {5.1.0.Final}
2020-04-09 19:43:36.361 [,] [main] INFO  c.z.h.HikariDataSource - [getConnection,110] - HikariPool-1 - Starting...
2020-04-09 19:43:37.195 [,] [main] INFO  c.z.h.HikariDataSource - [getConnection,123] - HikariPool-1 - Start completed.
2020-04-09 19:43:37.216 [,] [main] INFO  o.h.dialect.Dialect - [<init>,172] - HHH000400: Using dialect: org.hibernate.dialect.MySQL57Dialect
2020-04-09 19:43:38.669 [,] [main] INFO  o.h.e.t.j.p.i.JtaPlatformInitiator - [initiateService,52] - HHH000490: Using JtaPlatform implementation: [org.hibernate.engine.transaction.jta.platform.internal.NoJtaPlatform]
2020-04-09 19:43:39.029 [,] [main] INFO  c.n.c.s.URLConfigurationSource - [<init>,122] - To enable URLs as dynamic configuration sources, define System property archaius.configurationSource.additionalUrls or make config.properties available on classpath.
2020-04-09 19:43:39.035 [,] [main] INFO  c.n.c.s.URLConfigurationSource - [<init>,122] - To enable URLs as dynamic configuration sources, define System property archaius.configurationSource.additionalUrls or make config.properties available on classpath.
2020-04-09 19:43:46.380 [,] [main] INFO  c.g.DemoGatewayApplication - [logStarted,61] - Started DemoGatewayApplication in 14.364 seconds (JVM running for 14.842)
2020-04-09 19:44:12.150 [,] [main] INFO  c.g.DemoGatewayApplication - [logStartupProfileInfo,651] - No active profile set, falling back to default profiles: default
2020-04-09 19:44:13.114 [,] [main] INFO  o.h.j.i.u.LogHelper - [logPersistenceUnitInformation,31] - HHH000204: Processing PersistenceUnitInfo [name: default]
2020-04-09 19:44:13.174 [,] [main] INFO  o.hibernate.Version - [logVersion,44] - HHH000412: Hibernate ORM core version 5.4.12.Final
2020-04-09 19:44:13.282 [,] [main] INFO  o.h.a.common.Version - [<clinit>,49] - HCANN000001: Hibernate Commons Annotations {5.1.0.Final}
2020-04-09 19:44:13.494 [,] [main] INFO  c.z.h.HikariDataSource - [getConnection,110] - HikariPool-1 - Starting...
2020-04-09 19:44:14.333 [,] [main] INFO  c.z.h.HikariDataSource - [getConnection,123] - HikariPool-1 - Start completed.
2020-04-09 19:44:14.351 [,] [main] INFO  o.h.dialect.Dialect - [<init>,172] - HHH000400: Using dialect: org.hibernate.dialect.MySQL57Dialect
2020-04-09 19:44:15.724 [,] [main] INFO  o.h.e.t.j.p.i.JtaPlatformInitiator - [initiateService,52] - HHH000490: Using JtaPlatform implementation: [org.hibernate.engine.transaction.jta.platform.internal.NoJtaPlatform]
2020-04-09 19:44:16.054 [,] [main] INFO  c.n.c.s.URLConfigurationSource - [<init>,122] - To enable URLs as dynamic configuration sources, define System property archaius.configurationSource.additionalUrls or make config.properties available on classpath.
2020-04-09 19:44:16.061 [,] [main] INFO  c.n.c.s.URLConfigurationSource - [<init>,122] - To enable URLs as dynamic configuration sources, define System property archaius.configurationSource.additionalUrls or make config.properties available on classpath.
2020-04-09 19:44:23.302 [,] [main] INFO  c.g.DemoGatewayApplication - [logStarted,61] - Started DemoGatewayApplication in 14.168 seconds (JVM running for 14.66)
2020-04-09 19:50:07.362 [,] [main] INFO  c.g.DemoGatewayApplication - [logStartupProfileInfo,651] - No active profile set, falling back to default profiles: default
2020-04-09 19:50:08.287 [,] [main] INFO  o.h.j.i.u.LogHelper - [logPersistenceUnitInformation,31] - HHH000204: Processing PersistenceUnitInfo [name: default]
2020-04-09 19:50:08.345 [,] [main] INFO  o.hibernate.Version - [logVersion,44] - HHH000412: Hibernate ORM core version 5.4.12.Final
2020-04-09 19:50:08.444 [,] [main] INFO  o.h.a.common.Version - [<clinit>,49] - HCANN000001: Hibernate Commons Annotations {5.1.0.Final}
2020-04-09 19:50:08.657 [,] [main] INFO  c.z.h.HikariDataSource - [getConnection,110] - HikariPool-1 - Starting...
2020-04-09 19:50:09.527 [,] [main] INFO  c.z.h.HikariDataSource - [getConnection,123] - HikariPool-1 - Start completed.
2020-04-09 19:50:09.546 [,] [main] INFO  o.h.dialect.Dialect - [<init>,172] - HHH000400: Using dialect: org.hibernate.dialect.MySQL57Dialect
2020-04-09 19:50:10.993 [,] [main] INFO  o.h.e.t.j.p.i.JtaPlatformInitiator - [initiateService,52] - HHH000490: Using JtaPlatform implementation: [org.hibernate.engine.transaction.jta.platform.internal.NoJtaPlatform]
2020-04-09 19:50:11.299 [,] [main] INFO  c.n.c.s.URLConfigurationSource - [<init>,122] - To enable URLs as dynamic configuration sources, define System property archaius.configurationSource.additionalUrls or make config.properties available on classpath.
2020-04-09 19:50:11.304 [,] [main] INFO  c.n.c.s.URLConfigurationSource - [<init>,122] - To enable URLs as dynamic configuration sources, define System property archaius.configurationSource.additionalUrls or make config.properties available on classpath.
2020-04-09 19:50:18.560 [,] [main] INFO  c.g.DemoGatewayApplication - [logStarted,61] - Started DemoGatewayApplication in 14.191 seconds (JVM running for 14.671)
2020-04-09 19:51:32.312 [,] [main] INFO  c.g.DemoGatewayApplication - [logStartupProfileInfo,651] - No active profile set, falling back to default profiles: default
2020-04-09 19:51:33.306 [,] [main] INFO  o.h.j.i.u.LogHelper - [logPersistenceUnitInformation,31] - HHH000204: Processing PersistenceUnitInfo [name: default]
2020-04-09 19:51:33.362 [,] [main] INFO  o.hibernate.Version - [logVersion,44] - HHH000412: Hibernate ORM core version 5.4.12.Final
2020-04-09 19:51:33.469 [,] [main] INFO  o.h.a.common.Version - [<clinit>,49] - HCANN000001: Hibernate Commons Annotations {5.1.0.Final}
2020-04-09 19:51:33.678 [,] [main] INFO  c.z.h.HikariDataSource - [getConnection,110] - HikariPool-1 - Starting...
2020-04-09 19:51:34.517 [,] [main] INFO  c.z.h.HikariDataSource - [getConnection,123] - HikariPool-1 - Start completed.
2020-04-09 19:51:34.534 [,] [main] INFO  o.h.dialect.Dialect - [<init>,172] - HHH000400: Using dialect: org.hibernate.dialect.MySQL57Dialect
2020-04-09 19:51:35.892 [,] [main] INFO  o.h.e.t.j.p.i.JtaPlatformInitiator - [initiateService,52] - HHH000490: Using JtaPlatform implementation: [org.hibernate.engine.transaction.jta.platform.internal.NoJtaPlatform]
2020-04-09 19:51:36.251 [,] [main] INFO  c.n.c.s.URLConfigurationSource - [<init>,122] - To enable URLs as dynamic configuration sources, define System property archaius.configurationSource.additionalUrls or make config.properties available on classpath.
2020-04-09 19:51:36.255 [,] [main] INFO  c.n.c.s.URLConfigurationSource - [<init>,122] - To enable URLs as dynamic configuration sources, define System property archaius.configurationSource.additionalUrls or make config.properties available on classpath.
2020-04-09 19:51:43.399 [,] [main] INFO  c.g.DemoGatewayApplication - [logStarted,61] - Started DemoGatewayApplication in 14.131 seconds (JVM running for 14.609)
2020-04-09 19:54:10.937 [,] [main] INFO  c.g.DemoGatewayApplication - [logStartupProfileInfo,651] - No active profile set, falling back to default profiles: default
2020-04-09 19:54:11.888 [,] [main] INFO  o.h.j.i.u.LogHelper - [logPersistenceUnitInformation,31] - HHH000204: Processing PersistenceUnitInfo [name: default]
2020-04-09 19:54:11.944 [,] [main] INFO  o.hibernate.Version - [logVersion,44] - HHH000412: Hibernate ORM core version 5.4.12.Final
2020-04-09 19:54:12.046 [,] [main] INFO  o.h.a.common.Version - [<clinit>,49] - HCANN000001: Hibernate Commons Annotations {5.1.0.Final}
2020-04-09 19:54:12.260 [,] [main] INFO  c.z.h.HikariDataSource - [getConnection,110] - HikariPool-1 - Starting...
2020-04-09 19:54:13.074 [,] [main] INFO  c.z.h.HikariDataSource - [getConnection,123] - HikariPool-1 - Start completed.
2020-04-09 19:54:13.090 [,] [main] INFO  o.h.dialect.Dialect - [<init>,172] - HHH000400: Using dialect: org.hibernate.dialect.MySQL57Dialect
2020-04-09 19:54:14.436 [,] [main] INFO  o.h.e.t.j.p.i.JtaPlatformInitiator - [initiateService,52] - HHH000490: Using JtaPlatform implementation: [org.hibernate.engine.transaction.jta.platform.internal.NoJtaPlatform]
2020-04-09 19:54:14.738 [,] [main] INFO  c.n.c.s.URLConfigurationSource - [<init>,122] - To enable URLs as dynamic configuration sources, define System property archaius.configurationSource.additionalUrls or make config.properties available on classpath.
2020-04-09 19:54:14.745 [,] [main] INFO  c.n.c.s.URLConfigurationSource - [<init>,122] - To enable URLs as dynamic configuration sources, define System property archaius.configurationSource.additionalUrls or make config.properties available on classpath.
2020-04-09 19:54:21.952 [,] [main] INFO  c.g.DemoGatewayApplication - [logStarted,61] - Started DemoGatewayApplication in 14.01 seconds (JVM running for 14.487)
2020-04-09 19:56:07.041 [,] [main] INFO  c.g.DemoGatewayApplication - [logStartupProfileInfo,651] - No active profile set, falling back to default profiles: default
2020-04-09 19:56:08.039 [,] [main] INFO  o.h.j.i.u.LogHelper - [logPersistenceUnitInformation,31] - HHH000204: Processing PersistenceUnitInfo [name: default]
2020-04-09 19:56:08.102 [,] [main] INFO  o.hibernate.Version - [logVersion,44] - HHH000412: Hibernate ORM core version 5.4.12.Final
2020-04-09 19:56:08.209 [,] [main] INFO  o.h.a.common.Version - [<clinit>,49] - HCANN000001: Hibernate Commons Annotations {5.1.0.Final}
2020-04-09 19:56:08.424 [,] [main] INFO  c.z.h.HikariDataSource - [getConnection,110] - HikariPool-1 - Starting...
2020-04-09 19:56:09.273 [,] [main] INFO  c.z.h.HikariDataSource - [getConnection,123] - HikariPool-1 - Start completed.
2020-04-09 19:56:09.292 [,] [main] INFO  o.h.dialect.Dialect - [<init>,172] - HHH000400: Using dialect: org.hibernate.dialect.MySQL57Dialect
2020-04-09 19:56:10.685 [,] [main] INFO  o.h.e.t.j.p.i.JtaPlatformInitiator - [initiateService,52] - HHH000490: Using JtaPlatform implementation: [org.hibernate.engine.transaction.jta.platform.internal.NoJtaPlatform]
2020-04-09 19:56:11.004 [,] [main] INFO  c.n.c.s.URLConfigurationSource - [<init>,122] - To enable URLs as dynamic configuration sources, define System property archaius.configurationSource.additionalUrls or make config.properties available on classpath.
2020-04-09 19:56:11.008 [,] [main] INFO  c.n.c.s.URLConfigurationSource - [<init>,122] - To enable URLs as dynamic configuration sources, define System property archaius.configurationSource.additionalUrls or make config.properties available on classpath.
2020-04-09 19:56:18.252 [,] [main] INFO  c.g.DemoGatewayApplication - [logStarted,61] - Started DemoGatewayApplication in 14.234 seconds (JVM running for 14.717)
2020-04-09 19:58:26.802 [,] [main] INFO  c.g.DemoGatewayApplication - [logStartupProfileInfo,651] - No active profile set, falling back to default profiles: default
2020-04-09 19:58:27.757 [,] [main] INFO  o.h.j.i.u.LogHelper - [logPersistenceUnitInformation,31] - HHH000204: Processing PersistenceUnitInfo [name: default]
2020-04-09 19:58:27.819 [,] [main] INFO  o.hibernate.Version - [logVersion,44] - HHH000412: Hibernate ORM core version 5.4.12.Final
2020-04-09 19:58:27.923 [,] [main] INFO  o.h.a.common.Version - [<clinit>,49] - HCANN000001: Hibernate Commons Annotations {5.1.0.Final}
2020-04-09 19:58:28.133 [,] [main] INFO  c.z.h.HikariDataSource - [getConnection,110] - HikariPool-1 - Starting...
2020-04-09 19:58:29.005 [,] [main] INFO  c.z.h.HikariDataSource - [getConnection,123] - HikariPool-1 - Start completed.
2020-04-09 19:58:29.022 [,] [main] INFO  o.h.dialect.Dialect - [<init>,172] - HHH000400: Using dialect: org.hibernate.dialect.MySQL57Dialect
2020-04-09 19:58:30.402 [,] [main] INFO  o.h.e.t.j.p.i.JtaPlatformInitiator - [initiateService,52] - HHH000490: Using JtaPlatform implementation: [org.hibernate.engine.transaction.jta.platform.internal.NoJtaPlatform]
2020-04-09 19:58:30.723 [,] [main] INFO  c.n.c.s.URLConfigurationSource - [<init>,122] - To enable URLs as dynamic configuration sources, define System property archaius.configurationSource.additionalUrls or make config.properties available on classpath.
2020-04-09 19:58:30.727 [,] [main] INFO  c.n.c.s.URLConfigurationSource - [<init>,122] - To enable URLs as dynamic configuration sources, define System property archaius.configurationSource.additionalUrls or make config.properties available on classpath.
2020-04-09 19:58:38.006 [,] [main] INFO  c.g.DemoGatewayApplication - [logStarted,61] - Started DemoGatewayApplication in 14.217 seconds (JVM running for 14.703)
2020-04-09 19:58:47.067 [,] [reactor-http-nio-2] INFO  c.g.u.f.PowerCheckFilter - [filter,43] - 是一场梦
2020-04-09 19:59:28.872 [,] [main] INFO  c.g.DemoGatewayApplication - [logStartupProfileInfo,651] - No active profile set, falling back to default profiles: default
2020-04-09 19:59:29.843 [,] [main] INFO  o.h.j.i.u.LogHelper - [logPersistenceUnitInformation,31] - HHH000204: Processing PersistenceUnitInfo [name: default]
2020-04-09 19:59:29.896 [,] [main] INFO  o.hibernate.Version - [logVersion,44] - HHH000412: Hibernate ORM core version 5.4.12.Final
2020-04-09 19:59:29.998 [,] [main] INFO  o.h.a.common.Version - [<clinit>,49] - HCANN000001: Hibernate Commons Annotations {5.1.0.Final}
2020-04-09 19:59:30.206 [,] [main] INFO  c.z.h.HikariDataSource - [getConnection,110] - HikariPool-1 - Starting...
2020-04-09 19:59:31.096 [,] [main] INFO  c.z.h.HikariDataSource - [getConnection,123] - HikariPool-1 - Start completed.
2020-04-09 19:59:31.114 [,] [main] INFO  o.h.dialect.Dialect - [<init>,172] - HHH000400: Using dialect: org.hibernate.dialect.MySQL57Dialect
2020-04-09 19:59:32.545 [,] [main] INFO  o.h.e.t.j.p.i.JtaPlatformInitiator - [initiateService,52] - HHH000490: Using JtaPlatform implementation: [org.hibernate.engine.transaction.jta.platform.internal.NoJtaPlatform]
2020-04-09 19:59:32.859 [,] [main] INFO  c.n.c.s.URLConfigurationSource - [<init>,122] - To enable URLs as dynamic configuration sources, define System property archaius.configurationSource.additionalUrls or make config.properties available on classpath.
2020-04-09 19:59:32.863 [,] [main] INFO  c.n.c.s.URLConfigurationSource - [<init>,122] - To enable URLs as dynamic configuration sources, define System property archaius.configurationSource.additionalUrls or make config.properties available on classpath.
2020-04-09 19:59:40.140 [,] [main] INFO  c.g.DemoGatewayApplication - [logStarted,61] - Started DemoGatewayApplication in 14.319 seconds (JVM running for 14.826)
2020-04-09 19:59:55.445 [,] [reactor-http-nio-2] INFO  c.g.u.f.PowerCheckFilter - [filter,43] - 是一场梦
2020-04-09 20:01:00.864 [,] [reactor-http-nio-2] INFO  c.g.u.f.PowerCheckFilter - [filter,43] - 是一场梦
2020-04-09 20:01:37.020 [,] [main] INFO  c.g.DemoGatewayApplication - [logStartupProfileInfo,651] - No active profile set, falling back to default profiles: default
2020-04-09 20:01:38.291 [,] [main] INFO  o.h.j.i.u.LogHelper - [logPersistenceUnitInformation,31] - HHH000204: Processing PersistenceUnitInfo [name: default]
2020-04-09 20:01:38.354 [,] [main] INFO  o.hibernate.Version - [logVersion,44] - HHH000412: Hibernate ORM core version 5.4.12.Final
2020-04-09 20:01:38.473 [,] [main] INFO  o.h.a.common.Version - [<clinit>,49] - HCANN000001: Hibernate Commons Annotations {5.1.0.Final}
2020-04-09 20:01:38.707 [,] [main] INFO  c.z.h.HikariDataSource - [getConnection,110] - HikariPool-1 - Starting...
2020-04-09 20:01:39.594 [,] [main] INFO  c.z.h.HikariDataSource - [getConnection,123] - HikariPool-1 - Start completed.
2020-04-09 20:01:39.615 [,] [main] INFO  o.h.dialect.Dialect - [<init>,172] - HHH000400: Using dialect: org.hibernate.dialect.MySQL57Dialect
2020-04-09 20:01:41.110 [,] [main] INFO  o.h.e.t.j.p.i.JtaPlatformInitiator - [initiateService,52] - HHH000490: Using JtaPlatform implementation: [org.hibernate.engine.transaction.jta.platform.internal.NoJtaPlatform]
2020-04-09 20:01:41.486 [,] [main] INFO  c.n.c.s.URLConfigurationSource - [<init>,122] - To enable URLs as dynamic configuration sources, define System property archaius.configurationSource.additionalUrls or make config.properties available on classpath.
2020-04-09 20:01:41.494 [,] [main] INFO  c.n.c.s.URLConfigurationSource - [<init>,122] - To enable URLs as dynamic configuration sources, define System property archaius.configurationSource.additionalUrls or make config.properties available on classpath.
2020-04-09 20:01:51.309 [,] [reactor-http-nio-2] INFO  c.g.u.f.PowerCheckFilter - [filter,43] - 是一场梦
2020-04-09 20:01:51.890 [,] [main] INFO  c.g.DemoGatewayApplication - [logStarted,61] - Started DemoGatewayApplication in 17.434 seconds (JVM running for 18.586)
2020-04-09 20:02:31.324 [,] [main] INFO  c.g.DemoGatewayApplication - [logStartupProfileInfo,651] - No active profile set, falling back to default profiles: default
2020-04-09 20:02:32.318 [,] [main] INFO  o.h.j.i.u.LogHelper - [logPersistenceUnitInformation,31] - HHH000204: Processing PersistenceUnitInfo [name: default]
2020-04-09 20:02:32.379 [,] [main] INFO  o.hibernate.Version - [logVersion,44] - HHH000412: Hibernate ORM core version 5.4.12.Final
2020-04-09 20:02:32.491 [,] [main] INFO  o.h.a.common.Version - [<clinit>,49] - HCANN000001: Hibernate Commons Annotations {5.1.0.Final}
2020-04-09 20:02:32.714 [,] [main] INFO  c.z.h.HikariDataSource - [getConnection,110] - HikariPool-1 - Starting...
2020-04-09 20:02:33.583 [,] [main] INFO  c.z.h.HikariDataSource - [getConnection,123] - HikariPool-1 - Start completed.
2020-04-09 20:02:33.605 [,] [main] INFO  o.h.dialect.Dialect - [<init>,172] - HHH000400: Using dialect: org.hibernate.dialect.MySQL57Dialect
2020-04-09 20:02:34.918 [,] [main] INFO  o.h.e.t.j.p.i.JtaPlatformInitiator - [initiateService,52] - HHH000490: Using JtaPlatform implementation: [org.hibernate.engine.transaction.jta.platform.internal.NoJtaPlatform]
2020-04-09 20:02:35.233 [,] [main] INFO  c.n.c.s.URLConfigurationSource - [<init>,122] - To enable URLs as dynamic configuration sources, define System property archaius.configurationSource.additionalUrls or make config.properties available on classpath.
2020-04-09 20:02:35.238 [,] [main] INFO  c.n.c.s.URLConfigurationSource - [<init>,122] - To enable URLs as dynamic configuration sources, define System property archaius.configurationSource.additionalUrls or make config.properties available on classpath.
2020-04-09 20:02:42.508 [,] [main] INFO  c.g.DemoGatewayApplication - [logStarted,61] - Started DemoGatewayApplication in 14.231 seconds (JVM running for 14.759)
2020-04-09 20:02:44.292 [,] [reactor-http-nio-2] INFO  c.g.u.f.PowerCheckFilter - [filter,43] - 是一场梦
2020-04-09 20:03:59.276 [,] [main] INFO  c.g.DemoGatewayApplication - [logStartupProfileInfo,651] - No active profile set, falling back to default profiles: default
2020-04-09 20:04:00.337 [,] [main] INFO  o.h.j.i.u.LogHelper - [logPersistenceUnitInformation,31] - HHH000204: Processing PersistenceUnitInfo [name: default]
2020-04-09 20:04:00.397 [,] [main] INFO  o.hibernate.Version - [logVersion,44] - HHH000412: Hibernate ORM core version 5.4.12.Final
2020-04-09 20:04:00.504 [,] [main] INFO  o.h.a.common.Version - [<clinit>,49] - HCANN000001: Hibernate Commons Annotations {5.1.0.Final}
2020-04-09 20:04:00.715 [,] [main] INFO  c.z.h.HikariDataSource - [getConnection,110] - HikariPool-1 - Starting...
2020-04-09 20:04:01.628 [,] [main] INFO  c.z.h.HikariDataSource - [getConnection,123] - HikariPool-1 - Start completed.
2020-04-09 20:04:01.667 [,] [main] INFO  o.h.dialect.Dialect - [<init>,172] - HHH000400: Using dialect: org.hibernate.dialect.MySQL57Dialect
2020-04-09 20:04:03.159 [,] [main] INFO  o.h.e.t.j.p.i.JtaPlatformInitiator - [initiateService,52] - HHH000490: Using JtaPlatform implementation: [org.hibernate.engine.transaction.jta.platform.internal.NoJtaPlatform]
2020-04-09 20:04:03.459 [,] [main] INFO  c.n.c.s.URLConfigurationSource - [<init>,122] - To enable URLs as dynamic configuration sources, define System property archaius.configurationSource.additionalUrls or make config.properties available on classpath.
2020-04-09 20:04:03.464 [,] [main] INFO  c.n.c.s.URLConfigurationSource - [<init>,122] - To enable URLs as dynamic configuration sources, define System property archaius.configurationSource.additionalUrls or make config.properties available on classpath.
2020-04-09 20:04:08.847 [,] [reactor-http-nio-2] INFO  c.g.u.f.PowerCheckFilter - [filter,43] - 是一场梦
2020-04-09 20:04:10.682 [,] [main] INFO  c.g.DemoGatewayApplication - [logStarted,61] - Started DemoGatewayApplication in 14.424 seconds (JVM running for 14.92)
2020-04-09 20:07:16.637 [,] [main] INFO  c.g.DemoGatewayApplication - [logStartupProfileInfo,651] - No active profile set, falling back to default profiles: default
2020-04-09 20:07:17.641 [,] [main] INFO  o.h.j.i.u.LogHelper - [logPersistenceUnitInformation,31] - HHH000204: Processing PersistenceUnitInfo [name: default]
2020-04-09 20:07:17.697 [,] [main] INFO  o.hibernate.Version - [logVersion,44] - HHH000412: Hibernate ORM core version 5.4.12.Final
2020-04-09 20:07:17.804 [,] [main] INFO  o.h.a.common.Version - [<clinit>,49] - HCANN000001: Hibernate Commons Annotations {5.1.0.Final}
2020-04-09 20:07:18.025 [,] [main] INFO  c.z.h.HikariDataSource - [getConnection,110] - HikariPool-1 - Starting...
2020-04-09 20:07:18.974 [,] [main] INFO  c.z.h.HikariDataSource - [getConnection,123] - HikariPool-1 - Start completed.
2020-04-09 20:07:18.992 [,] [main] INFO  o.h.dialect.Dialect - [<init>,172] - HHH000400: Using dialect: org.hibernate.dialect.MySQL57Dialect
2020-04-09 20:07:20.480 [,] [main] INFO  o.h.e.t.j.p.i.JtaPlatformInitiator - [initiateService,52] - HHH000490: Using JtaPlatform implementation: [org.hibernate.engine.transaction.jta.platform.internal.NoJtaPlatform]
2020-04-09 20:07:20.786 [,] [main] INFO  c.n.c.s.URLConfigurationSource - [<init>,122] - To enable URLs as dynamic configuration sources, define System property archaius.configurationSource.additionalUrls or make config.properties available on classpath.
2020-04-09 20:07:20.790 [,] [main] INFO  c.n.c.s.URLConfigurationSource - [<init>,122] - To enable URLs as dynamic configuration sources, define System property archaius.configurationSource.additionalUrls or make config.properties available on classpath.
2020-04-09 20:07:28.103 [,] [main] INFO  c.g.DemoGatewayApplication - [logStarted,61] - Started DemoGatewayApplication in 14.536 seconds (JVM running for 15.011)
2020-04-09 20:07:28.608 [,] [reactor-http-nio-2] INFO  c.g.u.f.PowerCheckFilter - [filter,43] - 是一场梦
2020-04-09 20:08:53.458 [,] [main] INFO  c.g.DemoGatewayApplication - [logStartupProfileInfo,651] - No active profile set, falling back to default profiles: default
2020-04-09 20:08:54.440 [,] [main] INFO  o.h.j.i.u.LogHelper - [logPersistenceUnitInformation,31] - HHH000204: Processing PersistenceUnitInfo [name: default]
2020-04-09 20:08:54.496 [,] [main] INFO  o.hibernate.Version - [logVersion,44] - HHH000412: Hibernate ORM core version 5.4.12.Final
2020-04-09 20:08:54.602 [,] [main] INFO  o.h.a.common.Version - [<clinit>,49] - HCANN000001: Hibernate Commons Annotations {5.1.0.Final}
2020-04-09 20:08:54.813 [,] [main] INFO  c.z.h.HikariDataSource - [getConnection,110] - HikariPool-1 - Starting...
2020-04-09 20:08:55.706 [,] [main] INFO  c.z.h.HikariDataSource - [getConnection,123] - HikariPool-1 - Start completed.
2020-04-09 20:08:55.725 [,] [main] INFO  o.h.dialect.Dialect - [<init>,172] - HHH000400: Using dialect: org.hibernate.dialect.MySQL57Dialect
2020-04-09 20:08:57.123 [,] [main] INFO  o.h.e.t.j.p.i.JtaPlatformInitiator - [initiateService,52] - HHH000490: Using JtaPlatform implementation: [org.hibernate.engine.transaction.jta.platform.internal.NoJtaPlatform]
2020-04-09 20:08:57.435 [,] [main] INFO  c.n.c.s.URLConfigurationSource - [<init>,122] - To enable URLs as dynamic configuration sources, define System property archaius.configurationSource.additionalUrls or make config.properties available on classpath.
2020-04-09 20:08:57.440 [,] [main] INFO  c.n.c.s.URLConfigurationSource - [<init>,122] - To enable URLs as dynamic configuration sources, define System property archaius.configurationSource.additionalUrls or make config.properties available on classpath.
2020-04-09 20:09:04.683 [,] [main] INFO  c.g.DemoGatewayApplication - [logStarted,61] - Started DemoGatewayApplication in 14.265 seconds (JVM running for 14.797)
2020-04-09 20:09:08.696 [,] [reactor-http-nio-2] INFO  c.g.u.f.PowerCheckFilter - [filter,43] - 是一场梦
2020-04-09 20:09:33.395 [,] [main] INFO  c.g.DemoGatewayApplication - [logStartupProfileInfo,651] - No active profile set, falling back to default profiles: default
2020-04-09 20:09:34.394 [,] [main] INFO  o.h.j.i.u.LogHelper - [logPersistenceUnitInformation,31] - HHH000204: Processing PersistenceUnitInfo [name: default]
2020-04-09 20:09:34.456 [,] [main] INFO  o.hibernate.Version - [logVersion,44] - HHH000412: Hibernate ORM core version 5.4.12.Final
2020-04-09 20:09:34.563 [,] [main] INFO  o.h.a.common.Version - [<clinit>,49] - HCANN000001: Hibernate Commons Annotations {5.1.0.Final}
2020-04-09 20:09:34.791 [,] [main] INFO  c.z.h.HikariDataSource - [getConnection,110] - HikariPool-1 - Starting...
2020-04-09 20:09:35.745 [,] [main] INFO  c.z.h.HikariDataSource - [getConnection,123] - HikariPool-1 - Start completed.
2020-04-09 20:09:35.772 [,] [main] INFO  o.h.dialect.Dialect - [<init>,172] - HHH000400: Using dialect: org.hibernate.dialect.MySQL57Dialect
2020-04-09 20:09:37.319 [,] [main] INFO  o.h.e.t.j.p.i.JtaPlatformInitiator - [initiateService,52] - HHH000490: Using JtaPlatform implementation: [org.hibernate.engine.transaction.jta.platform.internal.NoJtaPlatform]
2020-04-09 20:09:37.629 [,] [main] INFO  c.n.c.s.URLConfigurationSource - [<init>,122] - To enable URLs as dynamic configuration sources, define System property archaius.configurationSource.additionalUrls or make config.properties available on classpath.
2020-04-09 20:09:37.634 [,] [main] INFO  c.n.c.s.URLConfigurationSource - [<init>,122] - To enable URLs as dynamic configuration sources, define System property archaius.configurationSource.additionalUrls or make config.properties available on classpath.
2020-04-09 20:09:44.872 [,] [main] INFO  c.g.DemoGatewayApplication - [logStarted,61] - Started DemoGatewayApplication in 14.505 seconds (JVM running for 15.018)
2020-04-09 20:09:51.471 [,] [reactor-http-nio-2] INFO  c.g.u.f.PowerCheckFilter - [filter,43] - 是一场梦
2020-04-09 20:11:36.076 [,] [main] INFO  c.g.DemoGatewayApplication - [logStartupProfileInfo,651] - No active profile set, falling back to default profiles: default
2020-04-09 20:11:37.079 [,] [main] INFO  o.h.j.i.u.LogHelper - [logPersistenceUnitInformation,31] - HHH000204: Processing PersistenceUnitInfo [name: default]
2020-04-09 20:11:37.143 [,] [main] INFO  o.hibernate.Version - [logVersion,44] - HHH000412: Hibernate ORM core version 5.4.12.Final
2020-04-09 20:11:37.306 [,] [main] INFO  o.h.a.common.Version - [<clinit>,49] - HCANN000001: Hibernate Commons Annotations {5.1.0.Final}
2020-04-09 20:11:37.525 [,] [main] INFO  c.z.h.HikariDataSource - [getConnection,110] - HikariPool-1 - Starting...
2020-04-09 20:11:38.398 [,] [main] INFO  c.z.h.HikariDataSource - [getConnection,123] - HikariPool-1 - Start completed.
2020-04-09 20:11:38.427 [,] [main] INFO  o.h.dialect.Dialect - [<init>,172] - HHH000400: Using dialect: org.hibernate.dialect.MySQL57Dialect
2020-04-09 20:11:39.841 [,] [main] INFO  o.h.e.t.j.p.i.JtaPlatformInitiator - [initiateService,52] - HHH000490: Using JtaPlatform implementation: [org.hibernate.engine.transaction.jta.platform.internal.NoJtaPlatform]
2020-04-09 20:11:40.190 [,] [main] INFO  c.n.c.s.URLConfigurationSource - [<init>,122] - To enable URLs as dynamic configuration sources, define System property archaius.configurationSource.additionalUrls or make config.properties available on classpath.
2020-04-09 20:11:40.194 [,] [main] INFO  c.n.c.s.URLConfigurationSource - [<init>,122] - To enable URLs as dynamic configuration sources, define System property archaius.configurationSource.additionalUrls or make config.properties available on classpath.
2020-04-09 20:11:47.508 [,] [main] INFO  c.g.DemoGatewayApplication - [logStarted,61] - Started DemoGatewayApplication in 14.626 seconds (JVM running for 15.151)
2020-04-09 20:11:49.403 [,] [reactor-http-nio-2] INFO  c.g.u.f.PowerCheckFilter - [filter,43] - 是一场梦
2020-04-09 20:12:35.702 [,] [main] INFO  c.g.DemoGatewayApplication - [logStartupProfileInfo,651] - No active profile set, falling back to default profiles: default
2020-04-09 20:12:36.757 [,] [main] INFO  o.h.j.i.u.LogHelper - [logPersistenceUnitInformation,31] - HHH000204: Processing PersistenceUnitInfo [name: default]
2020-04-09 20:12:36.815 [,] [main] INFO  o.hibernate.Version - [logVersion,44] - HHH000412: Hibernate ORM core version 5.4.12.Final
2020-04-09 20:12:36.921 [,] [main] INFO  o.h.a.common.Version - [<clinit>,49] - HCANN000001: Hibernate Commons Annotations {5.1.0.Final}
2020-04-09 20:12:37.149 [,] [main] INFO  c.z.h.HikariDataSource - [getConnection,110] - HikariPool-1 - Starting...
2020-04-09 20:12:38.007 [,] [main] INFO  c.z.h.HikariDataSource - [getConnection,123] - HikariPool-1 - Start completed.
2020-04-09 20:12:38.025 [,] [main] INFO  o.h.dialect.Dialect - [<init>,172] - HHH000400: Using dialect: org.hibernate.dialect.MySQL57Dialect
2020-04-09 20:12:39.454 [,] [main] INFO  o.h.e.t.j.p.i.JtaPlatformInitiator - [initiateService,52] - HHH000490: Using JtaPlatform implementation: [org.hibernate.engine.transaction.jta.platform.internal.NoJtaPlatform]
2020-04-09 20:12:39.793 [,] [main] INFO  c.n.c.s.URLConfigurationSource - [<init>,122] - To enable URLs as dynamic configuration sources, define System property archaius.configurationSource.additionalUrls or make config.properties available on classpath.
2020-04-09 20:12:39.797 [,] [main] INFO  c.n.c.s.URLConfigurationSource - [<init>,122] - To enable URLs as dynamic configuration sources, define System property archaius.configurationSource.additionalUrls or make config.properties available on classpath.
2020-04-09 20:12:44.996 [,] [reactor-http-nio-2] INFO  c.g.u.f.PowerCheckFilter - [filter,43] - 是一场梦
2020-04-09 20:12:47.143 [,] [main] INFO  c.g.DemoGatewayApplication - [logStarted,61] - Started DemoGatewayApplication in 14.51 seconds (JVM running for 15.024)
2020-04-09 20:13:25.542 [,] [main] INFO  c.g.DemoGatewayApplication - [logStartupProfileInfo,651] - No active profile set, falling back to default profiles: default
2020-04-09 20:13:26.577 [,] [main] INFO  o.h.j.i.u.LogHelper - [logPersistenceUnitInformation,31] - HHH000204: Processing PersistenceUnitInfo [name: default]
2020-04-09 20:13:26.637 [,] [main] INFO  o.hibernate.Version - [logVersion,44] - HHH000412: Hibernate ORM core version 5.4.12.Final
2020-04-09 20:13:26.748 [,] [main] INFO  o.h.a.common.Version - [<clinit>,49] - HCANN000001: Hibernate Commons Annotations {5.1.0.Final}
2020-04-09 20:13:26.964 [,] [main] INFO  c.z.h.HikariDataSource - [getConnection,110] - HikariPool-1 - Starting...
2020-04-09 20:13:27.789 [,] [main] INFO  c.z.h.HikariDataSource - [getConnection,123] - HikariPool-1 - Start completed.
2020-04-09 20:13:27.807 [,] [main] INFO  o.h.dialect.Dialect - [<init>,172] - HHH000400: Using dialect: org.hibernate.dialect.MySQL57Dialect
2020-04-09 20:13:29.179 [,] [main] INFO  o.h.e.t.j.p.i.JtaPlatformInitiator - [initiateService,52] - HHH000490: Using JtaPlatform implementation: [org.hibernate.engine.transaction.jta.platform.internal.NoJtaPlatform]
2020-04-09 20:13:29.529 [,] [main] INFO  c.n.c.s.URLConfigurationSource - [<init>,122] - To enable URLs as dynamic configuration sources, define System property archaius.configurationSource.additionalUrls or make config.properties available on classpath.
2020-04-09 20:13:29.534 [,] [main] INFO  c.n.c.s.URLConfigurationSource - [<init>,122] - To enable URLs as dynamic configuration sources, define System property archaius.configurationSource.additionalUrls or make config.properties available on classpath.
2020-04-09 20:13:36.855 [,] [main] INFO  c.g.DemoGatewayApplication - [logStarted,61] - Started DemoGatewayApplication in 14.515 seconds (JVM running for 15.035)
2020-04-09 20:13:55.251 [,] [reactor-http-nio-2] INFO  c.g.u.f.PowerCheckFilter - [filter,43] - 是一场梦
2020-04-09 20:14:17.431 [,] [main] INFO  c.g.DemoGatewayApplication - [logStartupProfileInfo,651] - No active profile set, falling back to default profiles: default
2020-04-09 20:14:18.451 [,] [main] INFO  o.h.j.i.u.LogHelper - [logPersistenceUnitInformation,31] - HHH000204: Processing PersistenceUnitInfo [name: default]
2020-04-09 20:14:18.509 [,] [main] INFO  o.hibernate.Version - [logVersion,44] - HHH000412: Hibernate ORM core version 5.4.12.Final
2020-04-09 20:14:18.612 [,] [main] INFO  o.h.a.common.Version - [<clinit>,49] - HCANN000001: Hibernate Commons Annotations {5.1.0.Final}
2020-04-09 20:14:18.839 [,] [main] INFO  c.z.h.HikariDataSource - [getConnection,110] - HikariPool-1 - Starting...
2020-04-09 20:14:19.625 [,] [main] INFO  c.z.h.HikariDataSource - [getConnection,123] - HikariPool-1 - Start completed.
2020-04-09 20:14:19.655 [,] [main] INFO  o.h.dialect.Dialect - [<init>,172] - HHH000400: Using dialect: org.hibernate.dialect.MySQL57Dialect
2020-04-09 20:14:20.948 [,] [main] INFO  o.h.e.t.j.p.i.JtaPlatformInitiator - [initiateService,52] - HHH000490: Using JtaPlatform implementation: [org.hibernate.engine.transaction.jta.platform.internal.NoJtaPlatform]
2020-04-09 20:14:21.254 [,] [main] INFO  c.n.c.s.URLConfigurationSource - [<init>,122] - To enable URLs as dynamic configuration sources, define System property archaius.configurationSource.additionalUrls or make config.properties available on classpath.
2020-04-09 20:14:21.260 [,] [main] INFO  c.n.c.s.URLConfigurationSource - [<init>,122] - To enable URLs as dynamic configuration sources, define System property archaius.configurationSource.additionalUrls or make config.properties available on classpath.
2020-04-09 20:14:28.499 [,] [main] INFO  c.g.DemoGatewayApplication - [logStarted,61] - Started DemoGatewayApplication in 14.131 seconds (JVM running for 14.638)
2020-04-09 20:14:39.166 [,] [reactor-http-nio-2] INFO  c.g.u.f.PowerCheckFilter - [filter,43] - 是一场梦
2020-04-09 20:15:08.730 [,] [main] INFO  c.g.DemoGatewayApplication - [logStartupProfileInfo,651] - No active profile set, falling back to default profiles: default
2020-04-09 20:15:09.738 [,] [main] INFO  o.h.j.i.u.LogHelper - [logPersistenceUnitInformation,31] - HHH000204: Processing PersistenceUnitInfo [name: default]
2020-04-09 20:15:09.794 [,] [main] INFO  o.hibernate.Version - [logVersion,44] - HHH000412: Hibernate ORM core version 5.4.12.Final
2020-04-09 20:15:09.910 [,] [main] INFO  o.h.a.common.Version - [<clinit>,49] - HCANN000001: Hibernate Commons Annotations {5.1.0.Final}
2020-04-09 20:15:10.118 [,] [main] INFO  c.z.h.HikariDataSource - [getConnection,110] - HikariPool-1 - Starting...
2020-04-09 20:15:11.018 [,] [main] INFO  c.z.h.HikariDataSource - [getConnection,123] - HikariPool-1 - Start completed.
2020-04-09 20:15:11.036 [,] [main] INFO  o.h.dialect.Dialect - [<init>,172] - HHH000400: Using dialect: org.hibernate.dialect.MySQL57Dialect
2020-04-09 20:15:12.471 [,] [main] INFO  o.h.e.t.j.p.i.JtaPlatformInitiator - [initiateService,52] - HHH000490: Using JtaPlatform implementation: [org.hibernate.engine.transaction.jta.platform.internal.NoJtaPlatform]
2020-04-09 20:15:12.782 [,] [main] INFO  c.n.c.s.URLConfigurationSource - [<init>,122] - To enable URLs as dynamic configuration sources, define System property archaius.configurationSource.additionalUrls or make config.properties available on classpath.
2020-04-09 20:15:12.787 [,] [main] INFO  c.n.c.s.URLConfigurationSource - [<init>,122] - To enable URLs as dynamic configuration sources, define System property archaius.configurationSource.additionalUrls or make config.properties available on classpath.
2020-04-09 20:15:19.969 [,] [main] INFO  c.g.DemoGatewayApplication - [logStarted,61] - Started DemoGatewayApplication in 14.294 seconds (JVM running for 14.805)
2020-04-09 20:15:21.022 [,] [reactor-http-nio-2] INFO  c.g.u.f.PowerCheckFilter - [filter,43] - 是一场梦
2020-04-09 20:15:50.326 [,] [main] INFO  c.g.DemoGatewayApplication - [logStartupProfileInfo,651] - No active profile set, falling back to default profiles: default
2020-04-09 20:15:51.285 [,] [main] INFO  o.h.j.i.u.LogHelper - [logPersistenceUnitInformation,31] - HHH000204: Processing PersistenceUnitInfo [name: default]
2020-04-09 20:15:51.341 [,] [main] INFO  o.hibernate.Version - [logVersion,44] - HHH000412: Hibernate ORM core version 5.4.12.Final
2020-04-09 20:15:51.442 [,] [main] INFO  o.h.a.common.Version - [<clinit>,49] - HCANN000001: Hibernate Commons Annotations {5.1.0.Final}
2020-04-09 20:15:51.649 [,] [main] INFO  c.z.h.HikariDataSource - [getConnection,110] - HikariPool-1 - Starting...
2020-04-09 20:15:52.582 [,] [main] INFO  c.z.h.HikariDataSource - [getConnection,123] - HikariPool-1 - Start completed.
2020-04-09 20:15:52.617 [,] [main] INFO  o.h.dialect.Dialect - [<init>,172] - HHH000400: Using dialect: org.hibernate.dialect.MySQL57Dialect
2020-04-09 20:15:54.103 [,] [main] INFO  o.h.e.t.j.p.i.JtaPlatformInitiator - [initiateService,52] - HHH000490: Using JtaPlatform implementation: [org.hibernate.engine.transaction.jta.platform.internal.NoJtaPlatform]
2020-04-09 20:15:54.392 [,] [main] INFO  c.n.c.s.URLConfigurationSource - [<init>,122] - To enable URLs as dynamic configuration sources, define System property archaius.configurationSource.additionalUrls or make config.properties available on classpath.
2020-04-09 20:15:54.396 [,] [main] INFO  c.n.c.s.URLConfigurationSource - [<init>,122] - To enable URLs as dynamic configuration sources, define System property archaius.configurationSource.additionalUrls or make config.properties available on classpath.
2020-04-09 20:16:01.598 [,] [main] INFO  c.g.DemoGatewayApplication - [logStarted,61] - Started DemoGatewayApplication in 14.332 seconds (JVM running for 14.847)
2020-04-09 20:16:03.153 [,] [reactor-http-nio-2] INFO  c.g.u.f.PowerCheckFilter - [filter,43] - 是一场梦
2020-04-09 20:17:37.464 [,] [main] INFO  c.g.DemoGatewayApplication - [logStartupProfileInfo,651] - No active profile set, falling back to default profiles: default
2020-04-09 20:17:38.566 [,] [main] INFO  o.h.j.i.u.LogHelper - [logPersistenceUnitInformation,31] - HHH000204: Processing PersistenceUnitInfo [name: default]
2020-04-09 20:17:38.620 [,] [main] INFO  o.hibernate.Version - [logVersion,44] - HHH000412: Hibernate ORM core version 5.4.12.Final
2020-04-09 20:17:38.722 [,] [main] INFO  o.h.a.common.Version - [<clinit>,49] - HCANN000001: Hibernate Commons Annotations {5.1.0.Final}
2020-04-09 20:17:38.933 [,] [main] INFO  c.z.h.HikariDataSource - [getConnection,110] - HikariPool-1 - Starting...
2020-04-09 20:17:39.819 [,] [main] INFO  c.z.h.HikariDataSource - [getConnection,123] - HikariPool-1 - Start completed.
2020-04-09 20:17:39.837 [,] [main] INFO  o.h.dialect.Dialect - [<init>,172] - HHH000400: Using dialect: org.hibernate.dialect.MySQL57Dialect
2020-04-09 20:17:41.242 [,] [main] INFO  o.h.e.t.j.p.i.JtaPlatformInitiator - [initiateService,52] - HHH000490: Using JtaPlatform implementation: [org.hibernate.engine.transaction.jta.platform.internal.NoJtaPlatform]
2020-04-09 20:17:41.543 [,] [main] INFO  c.n.c.s.URLConfigurationSource - [<init>,122] - To enable URLs as dynamic configuration sources, define System property archaius.configurationSource.additionalUrls or make config.properties available on classpath.
2020-04-09 20:17:41.548 [,] [main] INFO  c.n.c.s.URLConfigurationSource - [<init>,122] - To enable URLs as dynamic configuration sources, define System property archaius.configurationSource.additionalUrls or make config.properties available on classpath.
2020-04-09 20:17:48.772 [,] [main] INFO  c.g.DemoGatewayApplication - [logStarted,61] - Started DemoGatewayApplication in 14.331 seconds (JVM running for 14.821)
2020-04-09 20:18:00.916 [,] [reactor-http-nio-2] INFO  c.g.u.f.PowerCheckFilter - [filter,43] - 是一场梦
2020-04-09 20:19:05.017 [,] [main] INFO  c.g.DemoGatewayApplication - [logStartupProfileInfo,651] - No active profile set, falling back to default profiles: default
2020-04-09 20:19:06.017 [,] [main] INFO  o.h.j.i.u.LogHelper - [logPersistenceUnitInformation,31] - HHH000204: Processing PersistenceUnitInfo [name: default]
2020-04-09 20:19:06.076 [,] [main] INFO  o.hibernate.Version - [logVersion,44] - HHH000412: Hibernate ORM core version 5.4.12.Final
2020-04-09 20:19:06.181 [,] [main] INFO  o.h.a.common.Version - [<clinit>,49] - HCANN000001: Hibernate Commons Annotations {5.1.0.Final}
2020-04-09 20:19:06.391 [,] [main] INFO  c.z.h.HikariDataSource - [getConnection,110] - HikariPool-1 - Starting...
2020-04-09 20:19:07.335 [,] [main] INFO  c.z.h.HikariDataSource - [getConnection,123] - HikariPool-1 - Start completed.
2020-04-09 20:19:07.354 [,] [main] INFO  o.h.dialect.Dialect - [<init>,172] - HHH000400: Using dialect: org.hibernate.dialect.MySQL57Dialect
2020-04-09 20:19:08.860 [,] [main] INFO  o.h.e.t.j.p.i.JtaPlatformInitiator - [initiateService,52] - HHH000490: Using JtaPlatform implementation: [org.hibernate.engine.transaction.jta.platform.internal.NoJtaPlatform]
2020-04-09 20:19:09.169 [,] [main] INFO  c.n.c.s.URLConfigurationSource - [<init>,122] - To enable URLs as dynamic configuration sources, define System property archaius.configurationSource.additionalUrls or make config.properties available on classpath.
2020-04-09 20:19:09.174 [,] [main] INFO  c.n.c.s.URLConfigurationSource - [<init>,122] - To enable URLs as dynamic configuration sources, define System property archaius.configurationSource.additionalUrls or make config.properties available on classpath.
2020-04-09 20:19:15.503 [,] [reactor-http-nio-2] INFO  c.g.u.f.PowerCheckFilter - [filter,43] - 是一场梦
2020-04-09 20:19:16.379 [,] [main] INFO  c.g.DemoGatewayApplication - [logStarted,61] - Started DemoGatewayApplication in 14.384 seconds (JVM running for 14.88)
2020-04-09 20:19:34.558 [,] [main] INFO  c.g.DemoGatewayApplication - [logStartupProfileInfo,651] - No active profile set, falling back to default profiles: default
2020-04-09 20:19:35.500 [,] [main] INFO  o.h.j.i.u.LogHelper - [logPersistenceUnitInformation,31] - HHH000204: Processing PersistenceUnitInfo [name: default]
2020-04-09 20:19:35.556 [,] [main] INFO  o.hibernate.Version - [logVersion,44] - HHH000412: Hibernate ORM core version 5.4.12.Final
2020-04-09 20:19:35.655 [,] [main] INFO  o.h.a.common.Version - [<clinit>,49] - HCANN000001: Hibernate Commons Annotations {5.1.0.Final}
2020-04-09 20:19:35.862 [,] [main] INFO  c.z.h.HikariDataSource - [getConnection,110] - HikariPool-1 - Starting...
2020-04-09 20:19:36.775 [,] [main] INFO  c.z.h.HikariDataSource - [getConnection,123] - HikariPool-1 - Start completed.
2020-04-09 20:19:36.792 [,] [main] INFO  o.h.dialect.Dialect - [<init>,172] - HHH000400: Using dialect: org.hibernate.dialect.MySQL57Dialect
2020-04-09 20:19:38.273 [,] [main] INFO  o.h.e.t.j.p.i.JtaPlatformInitiator - [initiateService,52] - HHH000490: Using JtaPlatform implementation: [org.hibernate.engine.transaction.jta.platform.internal.NoJtaPlatform]
2020-04-09 20:19:38.595 [,] [main] INFO  c.n.c.s.URLConfigurationSource - [<init>,122] - To enable URLs as dynamic configuration sources, define System property archaius.configurationSource.additionalUrls or make config.properties available on classpath.
2020-04-09 20:19:38.599 [,] [main] INFO  c.n.c.s.URLConfigurationSource - [<init>,122] - To enable URLs as dynamic configuration sources, define System property archaius.configurationSource.additionalUrls or make config.properties available on classpath.
2020-04-09 20:19:45.841 [,] [main] INFO  c.g.DemoGatewayApplication - [logStarted,61] - Started DemoGatewayApplication in 14.373 seconds (JVM running for 14.903)
2020-04-09 20:19:56.507 [,] [reactor-http-nio-2] INFO  c.g.u.f.PowerCheckFilter - [filter,43] - 是一场梦
